#
# There is insufficient memory for the Java Runtime Environment to continue.
# Native memory allocation (malloc) failed to allocate 155536 bytes for Chunk::new
# Possible reasons:
#   The system is out of physical RAM or swap space
#   The process is running with CompressedOops enabled, and the Java Heap may be blocking the growth of the native heap
# Possible solutions:
#   Reduce memory load on the system
#   Increase physical memory or swap space
#   Check if swap backing store is full
#   Decrease Java heap size (-Xmx/-Xms)
#   Decrease number of Java threads
#   Decrease Java thread stack sizes (-Xss)
#   Set larger code cache with -XX:ReservedCodeCacheSize=
#   JVM is running with Zero Based Compressed Oops mode in which the Java heap is
#     placed in the first 32GB address space. The Java Heap base address is the
#     maximum limit for the native heap growth. Please use -XX:HeapBaseMinAddress
#     to set the Java Heap base and to place the Java Heap above 32GB virtual address.
# This output file may be truncated or incomplete.
#
#  Out of Memory Error (./src/hotspot/share/memory/arena.cpp:197), pid=9716, tid=12436
#
# JRE version: OpenJDK Runtime Environment (11.0.12+7) (build 11.0.12+7-b1504.28-7817840)
# Java VM: OpenJDK 64-Bit Server VM (11.0.12+7-b1504.28-7817840, mixed mode, tiered, compressed oops, g1 gc, windows-amd64)
# No core dump will be written. Minidumps are not enabled by default on client versions of Windows
#

---------------  S U M M A R Y ------------

Command Line: -Dorg.gradle.appname=gradlew org.gradle.wrapper.GradleWrapperMain -q -Ptarget-platform=android-x86 -Ptarget=C:\Users\Akrammm\Desktop\Clinic_Application\lib\main.dart -Pbase-application-name=android.app.Application -Pdart-defines=RkxVVFRFUl9XRUJfQVVUT19ERVRFQ1Q9dHJ1ZQ== -Pdart-obfuscation=false -Ptrack-widget-creation=true -Ptree-shake-icons=false -Pfilesystem-scheme=org-dartlang-root assembleDebug

Host: Intel(R) Core(TM) i7-4610M CPU @ 3.00GHz, 4 cores, 11G,  Windows 10 , 64 bit Build 19041 (10.0.19041.2913)
Time: Sun May 21 18:08:07 2023 Egypt Daylight Time elapsed time: 1.007576 seconds (0d 0h 0m 1s)

---------------  T H R E A D  ---------------

Current thread (0x00000249cf34c800):  JavaThread "C2 CompilerThread0" daemon [_thread_in_native, id=12436, stack(0x000000ae8a200000,0x000000ae8a300000)]


Current CompileTask:
C2:   1007  641       4       java.util.zip.ZipFile$Source::getEntryPos (206 bytes)

Stack: [0x000000ae8a200000,0x000000ae8a300000]
Native frames: (J=compiled Java code, j=interpreted, Vv=VM code, C=native code)
V  [jvm.dll+0x5fbcea]
V  [jvm.dll+0x731905]
V  [jvm.dll+0x732f1d]
V  [jvm.dll+0x7335d3]
V  [jvm.dll+0x247bf8]
V  [jvm.dll+0xc018c]
V  [jvm.dll+0xc06cc]
V  [jvm.dll+0x35b31d]
V  [jvm.dll+0x328803]
V  [jvm.dll+0x327cfa]
V  [jvm.dll+0x200602]
V  [jvm.dll+0x1ff794]
V  [jvm.dll+0x18868c]
V  [jvm.dll+0x20e0d7]
V  [jvm.dll+0x20c901]
V  [jvm.dll+0x6f9b7f]
V  [jvm.dll+0x6f26a5]
V  [jvm.dll+0x5fabf6]
C  [ucrtbase.dll+0x21bb2]
C  [KERNEL32.DLL+0x17614]
C  [ntdll.dll+0x526a1]


---------------  P R O C E S S  ---------------

Threads class SMR info:
_java_thread_list=0x00000249cf4f5190, length=10, elements={
0x00000249b2973800, 0x00000249ceaf4000, 0x00000249ceaf4800, 0x00000249cf345800,
0x00000249cf347800, 0x00000249cf349800, 0x00000249cf34c800, 0x00000249cf34e000,
0x00000249cf3a4800, 0x00000249cf4fe800
}

Java Threads: ( => current thread )
  0x00000249b2973800 JavaThread "main" [_thread_in_native, id=10264, stack(0x000000ae89500000,0x000000ae89600000)]
  0x00000249ceaf4000 JavaThread "Reference Handler" daemon [_thread_blocked, id=4324, stack(0x000000ae89d00000,0x000000ae89e00000)]
  0x00000249ceaf4800 JavaThread "Finalizer" daemon [_thread_blocked, id=3172, stack(0x000000ae89e00000,0x000000ae89f00000)]
  0x00000249cf345800 JavaThread "Signal Dispatcher" daemon [_thread_blocked, id=6620, stack(0x000000ae89f00000,0x000000ae8a000000)]
  0x00000249cf347800 JavaThread "Attach Listener" daemon [_thread_blocked, id=5684, stack(0x000000ae8a000000,0x000000ae8a100000)]
  0x00000249cf349800 JavaThread "Service Thread" daemon [_thread_blocked, id=10396, stack(0x000000ae8a100000,0x000000ae8a200000)]
=>0x00000249cf34c800 JavaThread "C2 CompilerThread0" daemon [_thread_in_native, id=12436, stack(0x000000ae8a200000,0x000000ae8a300000)]
  0x00000249cf34e000 JavaThread "C1 CompilerThread0" daemon [_thread_in_vm, id=9276, stack(0x000000ae8a300000,0x000000ae8a400000)]
  0x00000249cf3a4800 JavaThread "Sweeper thread" daemon [_thread_blocked, id=2652, stack(0x000000ae8a400000,0x000000ae8a500000)]
  0x00000249cf4fe800 JavaThread "Common-Cleaner" daemon [_thread_blocked, id=10512, stack(0x000000ae8a600000,0x000000ae8a700000)]

Other Threads:
  0x00000249cf334000 VMThread "VM Thread" [stack: 0x000000ae89c00000,0x000000ae89d00000] [id=6424]
  0x00000249cf4fe000 WatcherThread [stack: 0x000000ae8a500000,0x000000ae8a600000] [id=11248]
  0x00000249b09ad000 GCTaskThread "GC Thread#0" [stack: 0x000000ae89700000,0x000000ae89800000] [id=2120]
  0x00000249cf857000 GCTaskThread "GC Thread#1" [stack: 0x000000ae8a700000,0x000000ae8a800000] [id=9848]
  0x00000249cfa47800 GCTaskThread "GC Thread#2" [stack: 0x000000ae8a800000,0x000000ae8a900000] [id=13296]
  0x00000249cf70c800 GCTaskThread "GC Thread#3" [stack: 0x000000ae8a900000,0x000000ae8aa00000] [id=13284]
  0x00000249b29cc800 ConcurrentGCThread "G1 Main Marker" [stack: 0x000000ae89800000,0x000000ae89900000] [id=5976]
  0x00000249b29ce000 ConcurrentGCThread "G1 Conc#0" [stack: 0x000000ae89900000,0x000000ae89a00000] [id=7768]
  0x00000249ce95c800 ConcurrentGCThread "G1 Refine#0" [stack: 0x000000ae89a00000,0x000000ae89b00000] [id=8672]
  0x00000249ce95d000 ConcurrentGCThread "G1 Young RemSet Sampling" [stack: 0x000000ae89b00000,0x000000ae89c00000] [id=13200]

Threads with active compile tasks:
C2 CompilerThread0   1039  641       4       java.util.zip.ZipFile$Source::getEntryPos (206 bytes)
C1 CompilerThread0   1039  658   !   3       java.lang.StringCoding::decode (300 bytes)

VM state:not at safepoint (normal execution)

VM Mutex/Monitor currently owned by a thread: None

Heap address: 0x0000000741600000, size: 3050 MB, Compressed Oops mode: Zero based, Oop shift amount: 3
Narrow klass base: 0x0000000800000000, Narrow klass shift: 0
Compressed class space size: 1073741824 Address: 0x0000000800000000

Heap:
 garbage-first heap   total 196608K, used 10520K [0x0000000741600000, 0x0000000800000000)
  region size 1024K, 7 young (7168K), 2 survivors (2048K)
 Metaspace       used 8087K, capacity 8273K, committed 8576K, reserved 1056768K
  class space    used 731K, capacity 818K, committed 896K, reserved 1048576K
Heap Regions: E=young(eden), S=young(survivor), O=old, HS=humongous(starts), HC=humongous(continues), CS=collection set, F=free, A=archive, TAMS=top-at-mark-start (previous, next)
|   0|0x0000000741600000, 0x0000000741700000, 0x0000000741700000|100%|HS|  |TAMS 0x0000000741600000, 0x0000000741600000| Complete 
|   1|0x0000000741700000, 0x0000000741800000, 0x0000000741800000|100%|HC|  |TAMS 0x0000000741700000, 0x0000000741700000| Complete 
|   2|0x0000000741800000, 0x0000000741900000, 0x0000000741900000|100%|HC|  |TAMS 0x0000000741800000, 0x0000000741800000| Complete 
|   3|0x0000000741900000, 0x0000000741a00000, 0x0000000741a00000|100%| O|  |TAMS 0x0000000741900000, 0x0000000741900000| Untracked 
|   4|0x0000000741a00000, 0x0000000741a46200, 0x0000000741b00000| 27%| O|  |TAMS 0x0000000741a00000, 0x0000000741a00000| Untracked 
|   5|0x0000000741b00000, 0x0000000741b00000, 0x0000000741c00000|  0%| F|  |TAMS 0x0000000741b00000, 0x0000000741b00000| Untracked 
|   6|0x0000000741c00000, 0x0000000741c00000, 0x0000000741d00000|  0%| F|  |TAMS 0x0000000741c00000, 0x0000000741c00000| Untracked 
|   7|0x0000000741d00000, 0x0000000741d00000, 0x0000000741e00000|  0%| F|  |TAMS 0x0000000741d00000, 0x0000000741d00000| Untracked 
|   8|0x0000000741e00000, 0x0000000741e00000, 0x0000000741f00000|  0%| F|  |TAMS 0x0000000741e00000, 0x0000000741e00000| Untracked 
|   9|0x0000000741f00000, 0x0000000741f00000, 0x0000000742000000|  0%| F|  |TAMS 0x0000000741f00000, 0x0000000741f00000| Untracked 
|  10|0x0000000742000000, 0x0000000742000000, 0x0000000742100000|  0%| F|  |TAMS 0x0000000742000000, 0x0000000742000000| Untracked 
|  11|0x0000000742100000, 0x0000000742100000, 0x0000000742200000|  0%| F|  |TAMS 0x0000000742100000, 0x0000000742100000| Untracked 
|  12|0x0000000742200000, 0x0000000742200000, 0x0000000742300000|  0%| F|  |TAMS 0x0000000742200000, 0x0000000742200000| Untracked 
|  13|0x0000000742300000, 0x0000000742300000, 0x0000000742400000|  0%| F|  |TAMS 0x0000000742300000, 0x0000000742300000| Untracked 
|  14|0x0000000742400000, 0x0000000742400000, 0x0000000742500000|  0%| F|  |TAMS 0x0000000742400000, 0x0000000742400000| Untracked 
|  15|0x0000000742500000, 0x0000000742500000, 0x0000000742600000|  0%| F|  |TAMS 0x0000000742500000, 0x0000000742500000| Untracked 
|  16|0x0000000742600000, 0x0000000742600000, 0x0000000742700000|  0%| F|  |TAMS 0x0000000742600000, 0x0000000742600000| Untracked 
|  17|0x0000000742700000, 0x0000000742700000, 0x0000000742800000|  0%| F|  |TAMS 0x0000000742700000, 0x0000000742700000| Untracked 
|  18|0x0000000742800000, 0x0000000742800000, 0x0000000742900000|  0%| F|  |TAMS 0x0000000742800000, 0x0000000742800000| Untracked 
|  19|0x0000000742900000, 0x0000000742900000, 0x0000000742a00000|  0%| F|  |TAMS 0x0000000742900000, 0x0000000742900000| Untracked 
|  20|0x0000000742a00000, 0x0000000742a00000, 0x0000000742b00000|  0%| F|  |TAMS 0x0000000742a00000, 0x0000000742a00000| Untracked 
|  21|0x0000000742b00000, 0x0000000742b00000, 0x0000000742c00000|  0%| F|  |TAMS 0x0000000742b00000, 0x0000000742b00000| Untracked 
|  22|0x0000000742c00000, 0x0000000742c00000, 0x0000000742d00000|  0%| F|  |TAMS 0x0000000742c00000, 0x0000000742c00000| Untracked 
|  23|0x0000000742d00000, 0x0000000742d00000, 0x0000000742e00000|  0%| F|  |TAMS 0x0000000742d00000, 0x0000000742d00000| Untracked 
|  24|0x0000000742e00000, 0x0000000742e00000, 0x0000000742f00000|  0%| F|  |TAMS 0x0000000742e00000, 0x0000000742e00000| Untracked 
|  25|0x0000000742f00000, 0x0000000742f00000, 0x0000000743000000|  0%| F|  |TAMS 0x0000000742f00000, 0x0000000742f00000| Untracked 
|  26|0x0000000743000000, 0x0000000743000000, 0x0000000743100000|  0%| F|  |TAMS 0x0000000743000000, 0x0000000743000000| Untracked 
|  27|0x0000000743100000, 0x0000000743100000, 0x0000000743200000|  0%| F|  |TAMS 0x0000000743100000, 0x0000000743100000| Untracked 
|  28|0x0000000743200000, 0x0000000743200000, 0x0000000743300000|  0%| F|  |TAMS 0x0000000743200000, 0x0000000743200000| Untracked 
|  29|0x0000000743300000, 0x0000000743300000, 0x0000000743400000|  0%| F|  |TAMS 0x0000000743300000, 0x0000000743300000| Untracked 
|  30|0x0000000743400000, 0x0000000743400000, 0x0000000743500000|  0%| F|  |TAMS 0x0000000743400000, 0x0000000743400000| Untracked 
|  31|0x0000000743500000, 0x0000000743500000, 0x0000000743600000|  0%| F|  |TAMS 0x0000000743500000, 0x0000000743500000| Untracked 
|  32|0x0000000743600000, 0x0000000743600000, 0x0000000743700000|  0%| F|  |TAMS 0x0000000743600000, 0x0000000743600000| Untracked 
|  33|0x0000000743700000, 0x0000000743700000, 0x0000000743800000|  0%| F|  |TAMS 0x0000000743700000, 0x0000000743700000| Untracked 
|  34|0x0000000743800000, 0x0000000743800000, 0x0000000743900000|  0%| F|  |TAMS 0x0000000743800000, 0x0000000743800000| Untracked 
|  35|0x0000000743900000, 0x0000000743900000, 0x0000000743a00000|  0%| F|  |TAMS 0x0000000743900000, 0x0000000743900000| Untracked 
|  36|0x0000000743a00000, 0x0000000743a00000, 0x0000000743b00000|  0%| F|  |TAMS 0x0000000743a00000, 0x0000000743a00000| Untracked 
|  37|0x0000000743b00000, 0x0000000743b00000, 0x0000000743c00000|  0%| F|  |TAMS 0x0000000743b00000, 0x0000000743b00000| Untracked 
|  38|0x0000000743c00000, 0x0000000743c00000, 0x0000000743d00000|  0%| F|  |TAMS 0x0000000743c00000, 0x0000000743c00000| Untracked 
|  39|0x0000000743d00000, 0x0000000743d00000, 0x0000000743e00000|  0%| F|  |TAMS 0x0000000743d00000, 0x0000000743d00000| Untracked 
|  40|0x0000000743e00000, 0x0000000743e00000, 0x0000000743f00000|  0%| F|  |TAMS 0x0000000743e00000, 0x0000000743e00000| Untracked 
|  41|0x0000000743f00000, 0x0000000743f00000, 0x0000000744000000|  0%| F|  |TAMS 0x0000000743f00000, 0x0000000743f00000| Untracked 
|  42|0x0000000744000000, 0x0000000744000000, 0x0000000744100000|  0%| F|  |TAMS 0x0000000744000000, 0x0000000744000000| Untracked 
|  43|0x0000000744100000, 0x0000000744100000, 0x0000000744200000|  0%| F|  |TAMS 0x0000000744100000, 0x0000000744100000| Untracked 
|  44|0x0000000744200000, 0x0000000744200000, 0x0000000744300000|  0%| F|  |TAMS 0x0000000744200000, 0x0000000744200000| Untracked 
|  45|0x0000000744300000, 0x0000000744300000, 0x0000000744400000|  0%| F|  |TAMS 0x0000000744300000, 0x0000000744300000| Untracked 
|  46|0x0000000744400000, 0x0000000744400000, 0x0000000744500000|  0%| F|  |TAMS 0x0000000744400000, 0x0000000744400000| Untracked 
|  47|0x0000000744500000, 0x0000000744500000, 0x0000000744600000|  0%| F|  |TAMS 0x0000000744500000, 0x0000000744500000| Untracked 
|  48|0x0000000744600000, 0x0000000744600000, 0x0000000744700000|  0%| F|  |TAMS 0x0000000744600000, 0x0000000744600000| Untracked 
|  49|0x0000000744700000, 0x0000000744700000, 0x0000000744800000|  0%| F|  |TAMS 0x0000000744700000, 0x0000000744700000| Untracked 
|  50|0x0000000744800000, 0x0000000744800000, 0x0000000744900000|  0%| F|  |TAMS 0x0000000744800000, 0x0000000744800000| Untracked 
|  51|0x0000000744900000, 0x0000000744900000, 0x0000000744a00000|  0%| F|  |TAMS 0x0000000744900000, 0x0000000744900000| Untracked 
|  52|0x0000000744a00000, 0x0000000744a00000, 0x0000000744b00000|  0%| F|  |TAMS 0x0000000744a00000, 0x0000000744a00000| Untracked 
|  53|0x0000000744b00000, 0x0000000744b00000, 0x0000000744c00000|  0%| F|  |TAMS 0x0000000744b00000, 0x0000000744b00000| Untracked 
|  54|0x0000000744c00000, 0x0000000744c00000, 0x0000000744d00000|  0%| F|  |TAMS 0x0000000744c00000, 0x0000000744c00000| Untracked 
|  55|0x0000000744d00000, 0x0000000744d00000, 0x0000000744e00000|  0%| F|  |TAMS 0x0000000744d00000, 0x0000000744d00000| Untracked 
|  56|0x0000000744e00000, 0x0000000744e00000, 0x0000000744f00000|  0%| F|  |TAMS 0x0000000744e00000, 0x0000000744e00000| Untracked 
|  57|0x0000000744f00000, 0x0000000744f00000, 0x0000000745000000|  0%| F|  |TAMS 0x0000000744f00000, 0x0000000744f00000| Untracked 
|  58|0x0000000745000000, 0x0000000745000000, 0x0000000745100000|  0%| F|  |TAMS 0x0000000745000000, 0x0000000745000000| Untracked 
|  59|0x0000000745100000, 0x0000000745100000, 0x0000000745200000|  0%| F|  |TAMS 0x0000000745100000, 0x0000000745100000| Untracked 
|  60|0x0000000745200000, 0x0000000745200000, 0x0000000745300000|  0%| F|  |TAMS 0x0000000745200000, 0x0000000745200000| Untracked 
|  61|0x0000000745300000, 0x0000000745300000, 0x0000000745400000|  0%| F|  |TAMS 0x0000000745300000, 0x0000000745300000| Untracked 
|  62|0x0000000745400000, 0x0000000745400000, 0x0000000745500000|  0%| F|  |TAMS 0x0000000745400000, 0x0000000745400000| Untracked 
|  63|0x0000000745500000, 0x0000000745500000, 0x0000000745600000|  0%| F|  |TAMS 0x0000000745500000, 0x0000000745500000| Untracked 
|  64|0x0000000745600000, 0x0000000745600000, 0x0000000745700000|  0%| F|  |TAMS 0x0000000745600000, 0x0000000745600000| Untracked 
|  65|0x0000000745700000, 0x0000000745700000, 0x0000000745800000|  0%| F|  |TAMS 0x0000000745700000, 0x0000000745700000| Untracked 
|  66|0x0000000745800000, 0x0000000745800000, 0x0000000745900000|  0%| F|  |TAMS 0x0000000745800000, 0x0000000745800000| Untracked 
|  67|0x0000000745900000, 0x0000000745900000, 0x0000000745a00000|  0%| F|  |TAMS 0x0000000745900000, 0x0000000745900000| Untracked 
|  68|0x0000000745a00000, 0x0000000745a00000, 0x0000000745b00000|  0%| F|  |TAMS 0x0000000745a00000, 0x0000000745a00000| Untracked 
|  69|0x0000000745b00000, 0x0000000745b00000, 0x0000000745c00000|  0%| F|  |TAMS 0x0000000745b00000, 0x0000000745b00000| Untracked 
|  70|0x0000000745c00000, 0x0000000745c00000, 0x0000000745d00000|  0%| F|  |TAMS 0x0000000745c00000, 0x0000000745c00000| Untracked 
|  71|0x0000000745d00000, 0x0000000745d00000, 0x0000000745e00000|  0%| F|  |TAMS 0x0000000745d00000, 0x0000000745d00000| Untracked 
|  72|0x0000000745e00000, 0x0000000745e00000, 0x0000000745f00000|  0%| F|  |TAMS 0x0000000745e00000, 0x0000000745e00000| Untracked 
|  73|0x0000000745f00000, 0x0000000745f00000, 0x0000000746000000|  0%| F|  |TAMS 0x0000000745f00000, 0x0000000745f00000| Untracked 
|  74|0x0000000746000000, 0x0000000746000000, 0x0000000746100000|  0%| F|  |TAMS 0x0000000746000000, 0x0000000746000000| Untracked 
|  75|0x0000000746100000, 0x0000000746100000, 0x0000000746200000|  0%| F|  |TAMS 0x0000000746100000, 0x0000000746100000| Untracked 
|  76|0x0000000746200000, 0x0000000746200000, 0x0000000746300000|  0%| F|  |TAMS 0x0000000746200000, 0x0000000746200000| Untracked 
|  77|0x0000000746300000, 0x0000000746300000, 0x0000000746400000|  0%| F|  |TAMS 0x0000000746300000, 0x0000000746300000| Untracked 
|  78|0x0000000746400000, 0x0000000746400000, 0x0000000746500000|  0%| F|  |TAMS 0x0000000746400000, 0x0000000746400000| Untracked 
|  79|0x0000000746500000, 0x0000000746500000, 0x0000000746600000|  0%| F|  |TAMS 0x0000000746500000, 0x0000000746500000| Untracked 
|  80|0x0000000746600000, 0x0000000746600000, 0x0000000746700000|  0%| F|  |TAMS 0x0000000746600000, 0x0000000746600000| Untracked 
|  81|0x0000000746700000, 0x0000000746700000, 0x0000000746800000|  0%| F|  |TAMS 0x0000000746700000, 0x0000000746700000| Untracked 
|  82|0x0000000746800000, 0x0000000746800000, 0x0000000746900000|  0%| F|  |TAMS 0x0000000746800000, 0x0000000746800000| Untracked 
|  83|0x0000000746900000, 0x0000000746900000, 0x0000000746a00000|  0%| F|  |TAMS 0x0000000746900000, 0x0000000746900000| Untracked 
|  84|0x0000000746a00000, 0x0000000746a00000, 0x0000000746b00000|  0%| F|  |TAMS 0x0000000746a00000, 0x0000000746a00000| Untracked 
|  85|0x0000000746b00000, 0x0000000746b00000, 0x0000000746c00000|  0%| F|  |TAMS 0x0000000746b00000, 0x0000000746b00000| Untracked 
|  86|0x0000000746c00000, 0x0000000746c00000, 0x0000000746d00000|  0%| F|  |TAMS 0x0000000746c00000, 0x0000000746c00000| Untracked 
|  87|0x0000000746d00000, 0x0000000746d00000, 0x0000000746e00000|  0%| F|  |TAMS 0x0000000746d00000, 0x0000000746d00000| Untracked 
|  88|0x0000000746e00000, 0x0000000746e00000, 0x0000000746f00000|  0%| F|  |TAMS 0x0000000746e00000, 0x0000000746e00000| Untracked 
|  89|0x0000000746f00000, 0x0000000746f00000, 0x0000000747000000|  0%| F|  |TAMS 0x0000000746f00000, 0x0000000746f00000| Untracked 
|  90|0x0000000747000000, 0x0000000747000000, 0x0000000747100000|  0%| F|  |TAMS 0x0000000747000000, 0x0000000747000000| Untracked 
|  91|0x0000000747100000, 0x0000000747100000, 0x0000000747200000|  0%| F|  |TAMS 0x0000000747100000, 0x0000000747100000| Untracked 
|  92|0x0000000747200000, 0x0000000747200000, 0x0000000747300000|  0%| F|  |TAMS 0x0000000747200000, 0x0000000747200000| Untracked 
|  93|0x0000000747300000, 0x0000000747300000, 0x0000000747400000|  0%| F|  |TAMS 0x0000000747300000, 0x0000000747300000| Untracked 
|  94|0x0000000747400000, 0x0000000747400000, 0x0000000747500000|  0%| F|  |TAMS 0x0000000747400000, 0x0000000747400000| Untracked 
|  95|0x0000000747500000, 0x0000000747500000, 0x0000000747600000|  0%| F|  |TAMS 0x0000000747500000, 0x0000000747500000| Untracked 
|  96|0x0000000747600000, 0x0000000747600000, 0x0000000747700000|  0%| F|  |TAMS 0x0000000747600000, 0x0000000747600000| Untracked 
|  97|0x0000000747700000, 0x0000000747700000, 0x0000000747800000|  0%| F|  |TAMS 0x0000000747700000, 0x0000000747700000| Untracked 
|  98|0x0000000747800000, 0x0000000747800000, 0x0000000747900000|  0%| F|  |TAMS 0x0000000747800000, 0x0000000747800000| Untracked 
|  99|0x0000000747900000, 0x0000000747900000, 0x0000000747a00000|  0%| F|  |TAMS 0x0000000747900000, 0x0000000747900000| Untracked 
| 100|0x0000000747a00000, 0x0000000747a00000, 0x0000000747b00000|  0%| F|  |TAMS 0x0000000747a00000, 0x0000000747a00000| Untracked 
| 101|0x0000000747b00000, 0x0000000747b00000, 0x0000000747c00000|  0%| F|  |TAMS 0x0000000747b00000, 0x0000000747b00000| Untracked 
| 102|0x0000000747c00000, 0x0000000747c00000, 0x0000000747d00000|  0%| F|  |TAMS 0x0000000747c00000, 0x0000000747c00000| Untracked 
| 103|0x0000000747d00000, 0x0000000747d00000, 0x0000000747e00000|  0%| F|  |TAMS 0x0000000747d00000, 0x0000000747d00000| Untracked 
| 104|0x0000000747e00000, 0x0000000747e00000, 0x0000000747f00000|  0%| F|  |TAMS 0x0000000747e00000, 0x0000000747e00000| Untracked 
| 105|0x0000000747f00000, 0x0000000747f00000, 0x0000000748000000|  0%| F|  |TAMS 0x0000000747f00000, 0x0000000747f00000| Untracked 
| 106|0x0000000748000000, 0x0000000748000000, 0x0000000748100000|  0%| F|  |TAMS 0x0000000748000000, 0x0000000748000000| Untracked 
| 107|0x0000000748100000, 0x0000000748100000, 0x0000000748200000|  0%| F|  |TAMS 0x0000000748100000, 0x0000000748100000| Untracked 
| 108|0x0000000748200000, 0x0000000748200000, 0x0000000748300000|  0%| F|  |TAMS 0x0000000748200000, 0x0000000748200000| Untracked 
| 109|0x0000000748300000, 0x0000000748300000, 0x0000000748400000|  0%| F|  |TAMS 0x0000000748300000, 0x0000000748300000| Untracked 
| 110|0x0000000748400000, 0x0000000748400000, 0x0000000748500000|  0%| F|  |TAMS 0x0000000748400000, 0x0000000748400000| Untracked 
| 111|0x0000000748500000, 0x0000000748500000, 0x0000000748600000|  0%| F|  |TAMS 0x0000000748500000, 0x0000000748500000| Untracked 
| 112|0x0000000748600000, 0x0000000748600000, 0x0000000748700000|  0%| F|  |TAMS 0x0000000748600000, 0x0000000748600000| Untracked 
| 113|0x0000000748700000, 0x0000000748700000, 0x0000000748800000|  0%| F|  |TAMS 0x0000000748700000, 0x0000000748700000| Untracked 
| 114|0x0000000748800000, 0x0000000748800000, 0x0000000748900000|  0%| F|  |TAMS 0x0000000748800000, 0x0000000748800000| Untracked 
| 115|0x0000000748900000, 0x0000000748900000, 0x0000000748a00000|  0%| F|  |TAMS 0x0000000748900000, 0x0000000748900000| Untracked 
| 116|0x0000000748a00000, 0x0000000748a00000, 0x0000000748b00000|  0%| F|  |TAMS 0x0000000748a00000, 0x0000000748a00000| Untracked 
| 117|0x0000000748b00000, 0x0000000748b00000, 0x0000000748c00000|  0%| F|  |TAMS 0x0000000748b00000, 0x0000000748b00000| Untracked 
| 118|0x0000000748c00000, 0x0000000748c00000, 0x0000000748d00000|  0%| F|  |TAMS 0x0000000748c00000, 0x0000000748c00000| Untracked 
| 119|0x0000000748d00000, 0x0000000748d00000, 0x0000000748e00000|  0%| F|  |TAMS 0x0000000748d00000, 0x0000000748d00000| Untracked 
| 120|0x0000000748e00000, 0x0000000748e00000, 0x0000000748f00000|  0%| F|  |TAMS 0x0000000748e00000, 0x0000000748e00000| Untracked 
| 121|0x0000000748f00000, 0x0000000748f00000, 0x0000000749000000|  0%| F|  |TAMS 0x0000000748f00000, 0x0000000748f00000| Untracked 
| 122|0x0000000749000000, 0x0000000749000000, 0x0000000749100000|  0%| F|  |TAMS 0x0000000749000000, 0x0000000749000000| Untracked 
| 123|0x0000000749100000, 0x0000000749100000, 0x0000000749200000|  0%| F|  |TAMS 0x0000000749100000, 0x0000000749100000| Untracked 
| 124|0x0000000749200000, 0x0000000749200000, 0x0000000749300000|  0%| F|  |TAMS 0x0000000749200000, 0x0000000749200000| Untracked 
| 125|0x0000000749300000, 0x0000000749300000, 0x0000000749400000|  0%| F|  |TAMS 0x0000000749300000, 0x0000000749300000| Untracked 
| 126|0x0000000749400000, 0x0000000749400000, 0x0000000749500000|  0%| F|  |TAMS 0x0000000749400000, 0x0000000749400000| Untracked 
| 127|0x0000000749500000, 0x0000000749500000, 0x0000000749600000|  0%| F|  |TAMS 0x0000000749500000, 0x0000000749500000| Untracked 
| 128|0x0000000749600000, 0x0000000749600000, 0x0000000749700000|  0%| F|  |TAMS 0x0000000749600000, 0x0000000749600000| Untracked 
| 129|0x0000000749700000, 0x0000000749700000, 0x0000000749800000|  0%| F|  |TAMS 0x0000000749700000, 0x0000000749700000| Untracked 
| 130|0x0000000749800000, 0x0000000749800000, 0x0000000749900000|  0%| F|  |TAMS 0x0000000749800000, 0x0000000749800000| Untracked 
| 131|0x0000000749900000, 0x0000000749900000, 0x0000000749a00000|  0%| F|  |TAMS 0x0000000749900000, 0x0000000749900000| Untracked 
| 132|0x0000000749a00000, 0x0000000749a00000, 0x0000000749b00000|  0%| F|  |TAMS 0x0000000749a00000, 0x0000000749a00000| Untracked 
| 133|0x0000000749b00000, 0x0000000749b00000, 0x0000000749c00000|  0%| F|  |TAMS 0x0000000749b00000, 0x0000000749b00000| Untracked 
| 134|0x0000000749c00000, 0x0000000749c00000, 0x0000000749d00000|  0%| F|  |TAMS 0x0000000749c00000, 0x0000000749c00000| Untracked 
| 135|0x0000000749d00000, 0x0000000749d00000, 0x0000000749e00000|  0%| F|  |TAMS 0x0000000749d00000, 0x0000000749d00000| Untracked 
| 136|0x0000000749e00000, 0x0000000749e00000, 0x0000000749f00000|  0%| F|  |TAMS 0x0000000749e00000, 0x0000000749e00000| Untracked 
| 137|0x0000000749f00000, 0x0000000749f00000, 0x000000074a000000|  0%| F|  |TAMS 0x0000000749f00000, 0x0000000749f00000| Untracked 
| 138|0x000000074a000000, 0x000000074a000000, 0x000000074a100000|  0%| F|  |TAMS 0x000000074a000000, 0x000000074a000000| Untracked 
| 139|0x000000074a100000, 0x000000074a100000, 0x000000074a200000|  0%| F|  |TAMS 0x000000074a100000, 0x000000074a100000| Untracked 
| 140|0x000000074a200000, 0x000000074a200000, 0x000000074a300000|  0%| F|  |TAMS 0x000000074a200000, 0x000000074a200000| Untracked 
| 141|0x000000074a300000, 0x000000074a300000, 0x000000074a400000|  0%| F|  |TAMS 0x000000074a300000, 0x000000074a300000| Untracked 
| 142|0x000000074a400000, 0x000000074a400000, 0x000000074a500000|  0%| F|  |TAMS 0x000000074a400000, 0x000000074a400000| Untracked 
| 143|0x000000074a500000, 0x000000074a500000, 0x000000074a600000|  0%| F|  |TAMS 0x000000074a500000, 0x000000074a500000| Untracked 
| 144|0x000000074a600000, 0x000000074a600000, 0x000000074a700000|  0%| F|  |TAMS 0x000000074a600000, 0x000000074a600000| Untracked 
| 145|0x000000074a700000, 0x000000074a700000, 0x000000074a800000|  0%| F|  |TAMS 0x000000074a700000, 0x000000074a700000| Untracked 
| 146|0x000000074a800000, 0x000000074a800000, 0x000000074a900000|  0%| F|  |TAMS 0x000000074a800000, 0x000000074a800000| Untracked 
| 147|0x000000074a900000, 0x000000074a900000, 0x000000074aa00000|  0%| F|  |TAMS 0x000000074a900000, 0x000000074a900000| Untracked 
| 148|0x000000074aa00000, 0x000000074aa00000, 0x000000074ab00000|  0%| F|  |TAMS 0x000000074aa00000, 0x000000074aa00000| Untracked 
| 149|0x000000074ab00000, 0x000000074ab00000, 0x000000074ac00000|  0%| F|  |TAMS 0x000000074ab00000, 0x000000074ab00000| Untracked 
| 150|0x000000074ac00000, 0x000000074ac00000, 0x000000074ad00000|  0%| F|  |TAMS 0x000000074ac00000, 0x000000074ac00000| Untracked 
| 151|0x000000074ad00000, 0x000000074ad00000, 0x000000074ae00000|  0%| F|  |TAMS 0x000000074ad00000, 0x000000074ad00000| Untracked 
| 152|0x000000074ae00000, 0x000000074ae00000, 0x000000074af00000|  0%| F|  |TAMS 0x000000074ae00000, 0x000000074ae00000| Untracked 
| 153|0x000000074af00000, 0x000000074af00000, 0x000000074b000000|  0%| F|  |TAMS 0x000000074af00000, 0x000000074af00000| Untracked 
| 154|0x000000074b000000, 0x000000074b000000, 0x000000074b100000|  0%| F|  |TAMS 0x000000074b000000, 0x000000074b000000| Untracked 
| 155|0x000000074b100000, 0x000000074b100000, 0x000000074b200000|  0%| F|  |TAMS 0x000000074b100000, 0x000000074b100000| Untracked 
| 156|0x000000074b200000, 0x000000074b200000, 0x000000074b300000|  0%| F|  |TAMS 0x000000074b200000, 0x000000074b200000| Untracked 
| 157|0x000000074b300000, 0x000000074b300000, 0x000000074b400000|  0%| F|  |TAMS 0x000000074b300000, 0x000000074b300000| Untracked 
| 158|0x000000074b400000, 0x000000074b400000, 0x000000074b500000|  0%| F|  |TAMS 0x000000074b400000, 0x000000074b400000| Untracked 
| 159|0x000000074b500000, 0x000000074b500000, 0x000000074b600000|  0%| F|  |TAMS 0x000000074b500000, 0x000000074b500000| Untracked 
| 160|0x000000074b600000, 0x000000074b600000, 0x000000074b700000|  0%| F|  |TAMS 0x000000074b600000, 0x000000074b600000| Untracked 
| 161|0x000000074b700000, 0x000000074b700000, 0x000000074b800000|  0%| F|  |TAMS 0x000000074b700000, 0x000000074b700000| Untracked 
| 162|0x000000074b800000, 0x000000074b800000, 0x000000074b900000|  0%| F|  |TAMS 0x000000074b800000, 0x000000074b800000| Untracked 
| 163|0x000000074b900000, 0x000000074b900000, 0x000000074ba00000|  0%| F|  |TAMS 0x000000074b900000, 0x000000074b900000| Untracked 
| 164|0x000000074ba00000, 0x000000074ba00000, 0x000000074bb00000|  0%| F|  |TAMS 0x000000074ba00000, 0x000000074ba00000| Untracked 
| 165|0x000000074bb00000, 0x000000074bb00000, 0x000000074bc00000|  0%| F|  |TAMS 0x000000074bb00000, 0x000000074bb00000| Untracked 
| 166|0x000000074bc00000, 0x000000074bc00000, 0x000000074bd00000|  0%| F|  |TAMS 0x000000074bc00000, 0x000000074bc00000| Untracked 
| 167|0x000000074bd00000, 0x000000074bd00000, 0x000000074be00000|  0%| F|  |TAMS 0x000000074bd00000, 0x000000074bd00000| Untracked 
| 168|0x000000074be00000, 0x000000074be00000, 0x000000074bf00000|  0%| F|  |TAMS 0x000000074be00000, 0x000000074be00000| Untracked 
| 169|0x000000074bf00000, 0x000000074bf00000, 0x000000074c000000|  0%| F|  |TAMS 0x000000074bf00000, 0x000000074bf00000| Untracked 
| 170|0x000000074c000000, 0x000000074c000000, 0x000000074c100000|  0%| F|  |TAMS 0x000000074c000000, 0x000000074c000000| Untracked 
| 171|0x000000074c100000, 0x000000074c100000, 0x000000074c200000|  0%| F|  |TAMS 0x000000074c100000, 0x000000074c100000| Untracked 
| 172|0x000000074c200000, 0x000000074c200000, 0x000000074c300000|  0%| F|  |TAMS 0x000000074c200000, 0x000000074c200000| Untracked 
| 173|0x000000074c300000, 0x000000074c300000, 0x000000074c400000|  0%| F|  |TAMS 0x000000074c300000, 0x000000074c300000| Untracked 
| 174|0x000000074c400000, 0x000000074c400000, 0x000000074c500000|  0%| F|  |TAMS 0x000000074c400000, 0x000000074c400000| Untracked 
| 175|0x000000074c500000, 0x000000074c500000, 0x000000074c600000|  0%| F|  |TAMS 0x000000074c500000, 0x000000074c500000| Untracked 
| 176|0x000000074c600000, 0x000000074c700000, 0x000000074c700000|100%| S|CS|TAMS 0x000000074c600000, 0x000000074c600000| Complete 
| 177|0x000000074c700000, 0x000000074c800000, 0x000000074c800000|100%| S|CS|TAMS 0x000000074c700000, 0x000000074c700000| Complete 
| 178|0x000000074c800000, 0x000000074c800000, 0x000000074c900000|  0%| F|  |TAMS 0x000000074c800000, 0x000000074c800000| Untracked 
| 179|0x000000074c900000, 0x000000074c900000, 0x000000074ca00000|  0%| F|  |TAMS 0x000000074c900000, 0x000000074c900000| Untracked 
| 180|0x000000074ca00000, 0x000000074ca00000, 0x000000074cb00000|  0%| F|  |TAMS 0x000000074ca00000, 0x000000074ca00000| Untracked 
| 181|0x000000074cb00000, 0x000000074cb00000, 0x000000074cc00000|  0%| F|  |TAMS 0x000000074cb00000, 0x000000074cb00000| Untracked 
| 182|0x000000074cc00000, 0x000000074cc00000, 0x000000074cd00000|  0%| F|  |TAMS 0x000000074cc00000, 0x000000074cc00000| Untracked 
| 183|0x000000074cd00000, 0x000000074cd00000, 0x000000074ce00000|  0%| F|  |TAMS 0x000000074cd00000, 0x000000074cd00000| Untracked 
| 184|0x000000074ce00000, 0x000000074ce00000, 0x000000074cf00000|  0%| F|  |TAMS 0x000000074ce00000, 0x000000074ce00000| Untracked 
| 185|0x000000074cf00000, 0x000000074cf00000, 0x000000074d000000|  0%| F|  |TAMS 0x000000074cf00000, 0x000000074cf00000| Untracked 
| 186|0x000000074d000000, 0x000000074d000000, 0x000000074d100000|  0%| F|  |TAMS 0x000000074d000000, 0x000000074d000000| Untracked 
| 187|0x000000074d100000, 0x000000074d180800, 0x000000074d200000| 50%| E|  |TAMS 0x000000074d100000, 0x000000074d100000| Complete 
| 188|0x000000074d200000, 0x000000074d300000, 0x000000074d300000|100%| E|CS|TAMS 0x000000074d200000, 0x000000074d200000| Complete 
| 189|0x000000074d300000, 0x000000074d400000, 0x000000074d400000|100%| E|CS|TAMS 0x000000074d300000, 0x000000074d300000| Complete 
| 190|0x000000074d400000, 0x000000074d500000, 0x000000074d500000|100%| E|CS|TAMS 0x000000074d400000, 0x000000074d400000| Complete 
| 191|0x000000074d500000, 0x000000074d600000, 0x000000074d600000|100%| E|CS|TAMS 0x000000074d500000, 0x000000074d500000| Complete 

Card table byte_map: [0x00000249c5a80000,0x00000249c6080000] _byte_map_base: 0x00000249c2075000

Marking Bits (Prev, Next): (CMBitMap*) 0x00000249b29bffa8, (CMBitMap*) 0x00000249b29bffe0
 Prev Bits: [0x00000249c6680000, 0x00000249c9628000)
 Next Bits: [0x00000249c9630000, 0x00000249cc5d8000)

Polling page: 0x00000249b2150000

Metaspace:

Usage:
  Non-class:      7.34 MB capacity,     7.21 MB ( 98%) used,   131.40 KB (  2%) free+waste,     6.25 KB ( <1%) overhead. 
      Class:    818.00 KB capacity,   737.32 KB ( 90%) used,    77.74 KB ( 10%) free+waste,     2.94 KB ( <1%) overhead. 
       Both:      8.14 MB capacity,     7.93 MB ( 97%) used,   209.14 KB (  3%) free+waste,     9.19 KB ( <1%) overhead. 

Virtual space:
  Non-class space:        8.00 MB reserved,       7.50 MB ( 94%) committed 
      Class space:        1.00 GB reserved,     896.00 KB ( <1%) committed 
             Both:        1.01 GB reserved,       8.38 MB ( <1%) committed 

Chunk freelists:
   Non-Class:  33.00 KB
       Class:  14.00 KB
        Both:  47.00 KB

MaxMetaspaceSize: 17179869184.00 GB
CompressedClassSpaceSize: 1.00 GB
Initial GC threshold: 20.80 MB
Current GC threshold: 20.80 MB
CDS: off

CodeHeap 'non-profiled nmethods': size=120064Kb used=209Kb max_used=209Kb free=119854Kb
 bounds [0x00000249bdf40000, 0x00000249be1b0000, 0x00000249c5480000]
CodeHeap 'profiled nmethods': size=120000Kb used=1185Kb max_used=1185Kb free=118814Kb
 bounds [0x00000249b6a10000, 0x00000249b6c80000, 0x00000249bdf40000]
CodeHeap 'non-nmethods': size=5696Kb used=1115Kb max_used=1131Kb free=4581Kb
 bounds [0x00000249b6480000, 0x00000249b66f0000, 0x00000249b6a10000]
 total_blobs=1013 nmethods=657 adapters=269
 compilation: enabled
              stopped_count=0, restarted_count=0
 full_count=0

Compilation events (20 events):
Event: 0.938 Thread 0x00000249cf34e000  637       3       jdk.internal.loader.FileURLMapper::getPath (141 bytes)
Event: 0.939 Thread 0x00000249cf34e000 nmethod 637 0x00000249b6b21f90 code [0x00000249b6b22300, 0x00000249b6b23538]
Event: 0.939 Thread 0x00000249cf34e000  638       3       java.util.ArrayList::<init> (61 bytes)
Event: 0.940 Thread 0x00000249cf34e000 nmethod 638 0x00000249b6b23b90 code [0x00000249b6b23e20, 0x00000249b6b249d8]
Event: 0.944 Thread 0x00000249cf34e000  639       3       java.lang.StringCoding$Result::with (12 bytes)
Event: 0.944 Thread 0x00000249cf34e000 nmethod 639 0x00000249b6b24d90 code [0x00000249b6b24f40, 0x00000249b6b25098]
Event: 0.946 Thread 0x00000249cf34c800 nmethod 626 0x00000249bdf73490 code [0x00000249bdf73660, 0x00000249bdf73e58]
Event: 0.946 Thread 0x00000249cf34c800  636       4       jdk.internal.misc.Unsafe::getLong (7 bytes)
Event: 0.947 Thread 0x00000249cf34c800 nmethod 636 0x00000249bdf74310 code [0x00000249bdf744a0, 0x00000249bdf74518]
Event: 0.988 Thread 0x00000249cf34e000  640       3       sun.net.util.IPAddressUtil::checkHostString (53 bytes)
Event: 0.989 Thread 0x00000249cf34e000 nmethod 640 0x00000249b6b25110 code [0x00000249b6b253e0, 0x00000249b6b26128]
Event: 0.992 Thread 0x00000249cf34c800  641       4       java.util.zip.ZipFile$Source::getEntryPos (206 bytes)
Event: 0.993 Thread 0x00000249cf34e000  642       3       jdk.internal.util.jar.JarIndex::get (49 bytes)
Event: 0.994 Thread 0x00000249cf34e000 nmethod 642 0x00000249b6b26610 code [0x00000249b6b26860, 0x00000249b6b27168]
Event: 0.994 Thread 0x00000249cf34e000  643       3       java.lang.ClassLoader::checkPackageAccess (102 bytes)
Event: 0.996 Thread 0x00000249cf34e000 nmethod 643 0x00000249b6b27410 code [0x00000249b6b276c0, 0x00000249b6b281e8]
Event: 0.997 Thread 0x00000249cf34e000  644   !   3       jdk.internal.loader.URLClassPath$JarLoader::getResource (353 bytes)
Event: 1.000 Thread 0x00000249cf34e000 nmethod 644 0x00000249b6b28690 code [0x00000249b6b28b20, 0x00000249b6b2aad8]
Event: 1.001 Thread 0x00000249cf34e000  645   !   3       java.util.zip.ZipFile$ZipFileInflaterInputStream::close (67 bytes)
Event: 1.002 Thread 0x00000249cf34e000 nmethod 645 0x00000249b6b2bc90 code [0x00000249b6b2bea0, 0x00000249b6b2c5b8]

GC Heap History (2 events):
Event: 0.843 GC heap before
{Heap before GC invocations=0 (full 0):
 garbage-first heap   total 196608K, used 16384K [0x0000000741600000, 0x0000000800000000)
  region size 1024K, 14 young (14336K), 0 survivors (0K)
 Metaspace       used 7931K, capacity 8113K, committed 8320K, reserved 1056768K
  class space    used 714K, capacity 786K, committed 896K, reserved 1048576K
}
Event: 0.877 GC heap after
{Heap after GC invocations=1 (full 0):
 garbage-first heap   total 196608K, used 3352K [0x0000000741600000, 0x0000000800000000)
  region size 1024K, 2 young (2048K), 2 survivors (2048K)
 Metaspace       used 7931K, capacity 8113K, committed 8320K, reserved 1056768K
  class space    used 714K, capacity 786K, committed 896K, reserved 1048576K
}

Deoptimization events (20 events):
Event: 0.746 Thread 0x00000249b2973800 DEOPT PACKING pc=0x00000249bdf67b40 sp=0x000000ae895fa020
Event: 0.746 Thread 0x00000249b2973800 DEOPT UNPACKING pc=0x00000249b64ca1af sp=0x000000ae895f9fb0 mode 2
Event: 0.780 Thread 0x00000249b2973800 Uncommon trap: trap_request=0xffffffde fr.pc=0x00000249bdf67b40 relative=0x0000000000000ec0
Event: 0.780 Thread 0x00000249b2973800 Uncommon trap: reason=class_check action=maybe_recompile pc=0x00000249bdf67b40 method=java.util.HashMap.putVal(ILjava/lang/Object;Ljava/lang/Object;ZZ)Ljava/lang/Object; @ 91 c2
Event: 0.780 Thread 0x00000249b2973800 DEOPT PACKING pc=0x00000249bdf67b40 sp=0x000000ae895fa020
Event: 0.780 Thread 0x00000249b2973800 DEOPT UNPACKING pc=0x00000249b64ca1af sp=0x000000ae895f9fb0 mode 2
Event: 0.782 Thread 0x00000249b2973800 Uncommon trap: trap_request=0xffffffde fr.pc=0x00000249bdf67b40 relative=0x0000000000000ec0
Event: 0.782 Thread 0x00000249b2973800 Uncommon trap: reason=class_check action=maybe_recompile pc=0x00000249bdf67b40 method=java.util.HashMap.putVal(ILjava/lang/Object;Ljava/lang/Object;ZZ)Ljava/lang/Object; @ 91 c2
Event: 0.782 Thread 0x00000249b2973800 DEOPT PACKING pc=0x00000249bdf67b40 sp=0x000000ae895fa020
Event: 0.782 Thread 0x00000249b2973800 DEOPT UNPACKING pc=0x00000249b64ca1af sp=0x000000ae895f9fb0 mode 2
Event: 0.816 Thread 0x00000249b2973800 DEOPT PACKING pc=0x00000249b6a4d190 sp=0x000000ae895f9c60
Event: 0.816 Thread 0x00000249b2973800 DEOPT UNPACKING pc=0x00000249b64ca95e sp=0x000000ae895f9130 mode 0
Event: 0.833 Thread 0x00000249b2973800 DEOPT PACKING pc=0x00000249b6add642 sp=0x000000ae895f8f00
Event: 0.833 Thread 0x00000249b2973800 DEOPT UNPACKING pc=0x00000249b64ca95e sp=0x000000ae895f8368 mode 0
Event: 0.884 Thread 0x00000249b2973800 Uncommon trap: trap_request=0xffffffde fr.pc=0x00000249bdf67b40 relative=0x0000000000000ec0
Event: 0.884 Thread 0x00000249b2973800 Uncommon trap: reason=class_check action=maybe_recompile pc=0x00000249bdf67b40 method=java.util.HashMap.putVal(ILjava/lang/Object;Ljava/lang/Object;ZZ)Ljava/lang/Object; @ 91 c2
Event: 0.884 Thread 0x00000249b2973800 DEOPT PACKING pc=0x00000249bdf67b40 sp=0x000000ae895fab70
Event: 0.884 Thread 0x00000249b2973800 DEOPT UNPACKING pc=0x00000249b64ca1af sp=0x000000ae895fab00 mode 2
Event: 0.900 Thread 0x00000249b2973800 DEOPT PACKING pc=0x00000249b6a634d0 sp=0x000000ae895f7360
Event: 0.900 Thread 0x00000249b2973800 DEOPT UNPACKING pc=0x00000249b64ca95e sp=0x000000ae895f67e8 mode 0

Classes redefined (0 events):
No events

Internal exceptions (3 events):
Event: 0.253 Thread 0x00000249b2973800 Exception <a 'java/lang/NoSuchMethodError'{0x000000074d4896f0}: 'int java.lang.invoke.DirectMethodHandle$Holder.invokeSpecialIFC(java.lang.Object, java.lang.Object, int)'> (0x000000074d4896f0) thrown at [./src/hotspot/share/interpreter/linkResolver.cpp, line 773]
Event: 0.355 Thread 0x00000249b2973800 Exception <a 'java/lang/NoSuchMethodError'{0x000000074d211980}: 'int java.lang.invoke.DirectMethodHandle$Holder.invokeStaticInit(java.lang.Object, java.lang.Object)'> (0x000000074d211980) thrown at [./src/hotspot/share/interpreter/linkResolver.cpp, line 773]
Event: 0.405 Thread 0x00000249b2973800 Exception <a 'java/lang/NoSuchMethodError'{0x000000074d2e1f40}: 'int java.lang.invoke.DirectMethodHandle$Holder.invokeSpecial(java.lang.Object, java.lang.Object, java.lang.Object, java.lang.Object)'> (0x000000074d2e1f40) thrown at [./src/hotspot/share/interpreter/linkResolver.cpp, line 773]

Events (20 events):
Event: 0.994 loading class org/gradle/api/logging/LogLevel
Event: 0.994 loading class org/gradle/api/logging/LogLevel done
Event: 0.997 loading class org/gradle/internal/time/Time
Event: 0.997 loading class org/gradle/internal/time/Time done
Event: 0.998 loading class org/gradle/internal/time/Clock
Event: 0.998 loading class org/gradle/internal/time/Clock done
Event: 0.999 loading class org/gradle/internal/time/CountdownTimer
Event: 0.999 loading class org/gradle/internal/time/CountdownTimer done
Event: 1.000 loading class org/gradle/internal/time/Timer
Event: 1.000 loading class org/gradle/internal/time/Timer done
Event: 1.000 loading class org/gradle/internal/time/MonotonicClock
Event: 1.000 loading class org/gradle/internal/time/MonotonicClock done
Event: 1.001 loading class org/gradle/internal/time/TimeSource
Event: 1.001 loading class org/gradle/internal/time/TimeSource done
Event: 1.003 loading class org/gradle/internal/time/TimeSource$1
Event: 1.003 loading class org/gradle/internal/time/TimeSource$1 done
Event: 1.004 loading class org/gradle/internal/logging/slf4j/OutputEventListenerBackedLoggerContext$NoOpLogger
Event: 1.004 loading class org/gradle/internal/logging/slf4j/OutputEventListenerBackedLoggerContext$NoOpLogger done
Event: 1.005 loading class org/gradle/api/logging/Logger
Event: 1.005 loading class org/gradle/api/logging/Logger done


Dynamic libraries:
0x00007ff7fb740000 - 0x00007ff7fb74a000 	C:\Program Files\Android\Android Studio1\jre\bin\java.exe
0x00007fffdb910000 - 0x00007fffdbb08000 	C:\Windows\SYSTEM32\ntdll.dll
0x00007fffdae40000 - 0x00007fffdaeff000 	C:\Windows\System32\KERNEL32.DLL
0x00007fffd9230000 - 0x00007fffd9526000 	C:\Windows\System32\KERNELBASE.dll
0x00007fffd9130000 - 0x00007fffd9230000 	C:\Windows\System32\ucrtbase.dll
0x00007fff8ca10000 - 0x00007fff8ca29000 	C:\Program Files\Android\Android Studio1\jre\bin\jli.dll
0x00007fffd9c40000 - 0x00007fffd9ddd000 	C:\Windows\System32\USER32.dll
0x00007fffd96f0000 - 0x00007fffd9712000 	C:\Windows\System32\win32u.dll
0x00007fffdb7e0000 - 0x00007fffdb80c000 	C:\Windows\System32\GDI32.dll
0x00007fffd95d0000 - 0x00007fffd96e5000 	C:\Windows\System32\gdi32full.dll
0x00007fffd9530000 - 0x00007fffd95cd000 	C:\Windows\System32\msvcp_win.dll
0x00007fff8c9f0000 - 0x00007fff8ca07000 	C:\Program Files\Android\Android Studio1\jre\bin\VCRUNTIME140.dll
0x00007fffca250000 - 0x00007fffca4ea000 	C:\Windows\WinSxS\amd64_microsoft.windows.common-controls_6595b64144ccf1df_6.0.19041.1110_none_60b5254171f9507e\COMCTL32.dll
0x00007fffda1d0000 - 0x00007fffda26e000 	C:\Windows\System32\msvcrt.dll
0x00007fffd9990000 - 0x00007fffd99c0000 	C:\Windows\System32\IMM32.DLL
0x00007fff8abe0000 - 0x00007fff8ac7d000 	C:\Program Files\Android\Android Studio1\jre\bin\msvcp140.dll
0x00007fff88e00000 - 0x00007fff898e5000 	C:\Program Files\Android\Android Studio1\jre\bin\server\jvm.dll
0x00007fffd9a60000 - 0x00007fffd9b0f000 	C:\Windows\System32\ADVAPI32.dll
0x00007fffd99c0000 - 0x00007fffd9a5c000 	C:\Windows\System32\sechost.dll
0x00007fffdad10000 - 0x00007fffdae36000 	C:\Windows\System32\RPCRT4.dll
0x00007fffdabd0000 - 0x00007fffdabd8000 	C:\Windows\System32\PSAPI.DLL
0x00007fffc5170000 - 0x00007fffc5179000 	C:\Windows\SYSTEM32\WSOCK32.dll
0x00007fffdaf00000 - 0x00007fffdaf6b000 	C:\Windows\System32\WS2_32.dll
0x00007fffc9b60000 - 0x00007fffc9b87000 	C:\Windows\SYSTEM32\WINMM.dll
0x00007fffc8a70000 - 0x00007fffc8a7a000 	C:\Windows\SYSTEM32\VERSION.dll
0x00007fffd7840000 - 0x00007fffd7852000 	C:\Windows\SYSTEM32\kernel.appcore.dll
0x00007fff8abc0000 - 0x00007fff8abd1000 	C:\Program Files\Android\Android Studio1\jre\bin\verify.dll
0x00007fffc4800000 - 0x00007fffc49e4000 	C:\Windows\SYSTEM32\DBGHELP.DLL
0x00007fffc43c0000 - 0x00007fffc43f4000 	C:\Windows\System32\KERNEL32.DLL
0x00007fffd8ff0000 - 0x00007fffd9072000 	C:\Windows\System32\USER32.dll
0x00007fff8ab90000 - 0x00007fff8abb9000 	C:\Windows\System32\gdi32full.dll
0x00007fff8d7f0000 - 0x00007fff8d7fb000 	C:\Windows\WinSxS\amd64_microsoft.windows.common-controls_6595b64144ccf1df_6.0.19041.1110_none_60b5254171f9507e\COMCTL32.dll
0x00007fff88de0000 - 0x00007fff88df8000 	C:\Program Files\Android\Android Studio1\jre\bin\zip.dll
0x00007fffdb090000 - 0x00007fffdb7d4000 	C:\Program Files\Android\Android Studio1\jre\bin\server\jvm.dll
0x00007fffd7060000 - 0x00007fffd77f3000 	C:\Windows\SYSTEM32\windows.storage.dll
0x00007fffd9de0000 - 0x00007fffda134000 	C:\Windows\System32\combase.dll
0x00007fffd8a50000 - 0x00007fffd8a7e000 	C:\Windows\System32\PSAPI.DLL
0x00007fffda7f0000 - 0x00007fffda89d000 	C:\Windows\System32\SHCORE.dll
0x00007fffdb870000 - 0x00007fffdb8c5000 	C:\Windows\SYSTEM32\WINMM.dll
0x00007fffd8f30000 - 0x00007fffd8f4f000 	C:\Windows\SYSTEM32\kernel.appcore.dll
0x00007fff88a90000 - 0x00007fff88aaa000 	C:\Program Files\Android\Android Studio1\jre\bin\net.dll
0x00007fffcb8c0000 - 0x00007fffcb9ca000 	C:\Windows\SYSTEM32\WINHTTP.dll
0x00007fffd87b0000 - 0x00007fffd881a000 	C:\Windows\system32\mswsock.dll
0x00007fff88a70000 - 0x00007fff88a84000 	C:\Program Files\Android\Android Studio1\jre\bin\nio.dll

dbghelp: loaded successfully - version: 4.0.5 - missing functions: none
symbol engine: initialized successfully - sym options: 0x614 - pdb path: .;C:\Program Files\Android\Android Studio1\jre\bin;C:\Windows\SYSTEM32;C:\Windows\WinSxS\amd64_microsoft.windows.common-controls_6595b64144ccf1df_6.0.19041.1110_none_60b5254171f9507e;C:\Program Files\Android\Android Studio1\jre\bin\server

VM Arguments:
jvm_args: -Dorg.gradle.appname=gradlew 
java_command: org.gradle.wrapper.GradleWrapperMain -q -Ptarget-platform=android-x86 -Ptarget=C:\Users\Akrammm\Desktop\Clinic_Application\lib\main.dart -Pbase-application-name=android.app.Application -Pdart-defines=RkxVVFRFUl9XRUJfQVVUT19ERVRFQ1Q9dHJ1ZQ== -Pdart-obfuscation=false -Ptrack-widget-creation=true -Ptree-shake-icons=false -Pfilesystem-scheme=org-dartlang-root assembleDebug
java_class_path (initial): C:\Users\Akrammm\Desktop\Clinic_Application\android\\gradle\wrapper\gradle-wrapper.jar
Launcher Type: SUN_STANDARD

[Global flags]
     intx CICompilerCount                          = 3                                         {product} {ergonomic}
     uint ConcGCThreads                            = 1                                         {product} {ergonomic}
     uint G1ConcRefinementThreads                  = 4                                         {product} {ergonomic}
   size_t G1HeapRegionSize                         = 1048576                                   {product} {ergonomic}
    uintx GCDrainStackTargetSize                   = 64                                        {product} {ergonomic}
   size_t InitialHeapSize                          = 201326592                                 {product} {ergonomic}
   size_t MarkStackSize                            = 4194304                                   {product} {ergonomic}
   size_t MaxHeapSize                              = 3198156800                                {product} {ergonomic}
   size_t MaxNewSize                               = 1918894080                                {product} {ergonomic}
   size_t MinHeapDeltaBytes                        = 1048576                                   {product} {ergonomic}
    uintx NonNMethodCodeHeapSize                   = 5830732                                {pd product} {ergonomic}
    uintx NonProfiledCodeHeapSize                  = 122913754                              {pd product} {ergonomic}
    uintx ProfiledCodeHeapSize                     = 122913754                              {pd product} {ergonomic}
    uintx ReservedCodeCacheSize                    = 251658240                              {pd product} {ergonomic}
     bool SegmentedCodeCache                       = true                                      {product} {ergonomic}
     bool UseCompressedClassPointers               = true                                 {lp64_product} {ergonomic}
     bool UseCompressedOops                        = true                                 {lp64_product} {ergonomic}
     bool UseG1GC                                  = true                                      {product} {ergonomic}
     bool UseLargePagesIndividualAllocation        = false                                  {pd product} {ergonomic}

Logging:
Log output configuration:
 #0: stdout all=warning uptime,level,tags
 #1: stderr all=off uptime,level,tags

Environment Variables:
JAVA_HOME=C:\Program Files\Android\Android Studio1\jre
CLASSPATH=C:\Users\Akrammm\Desktop\Clinic_Application\android\\gradle\wrapper\gradle-wrapper.jar
PATH=C:\Program Files (x86)\Common Files\Oracle\Java\javapath;C:\Windows\system32;C:\Windows;C:\Windows\System32\Wbem;C:\Windows\System32\WindowsPowerShell\v1.0\;C:\Windows\System32\OpenSSH\;C:\Program Files (x86)\AMD\ATI.ACE\Core-Static;C:\Program Files\dart-sdk\bin;C:\Program Files\nodejs\;C:\ProgramData\Microsoft\Windows\Start Menu\Programs\Node.js;C:\Program Files\Git\cmd;C:\Users\Akrammm\AppData\Local\Microsoft\WindowsApps;C:\Users\Akrammm\AppData\Local\Programs\Microsoft VS Code\bin;C:\src\dart-sdk\bin;C:\src\flutter\bin;C:\Users\Akrammm\AppData\Roaming\npm;C:\ProgramData\Microsoft\Windows\Start Menu\Programs\Node.js;;C:\src\flutter\bin\mingit\cmd
USERNAME=Akrammm
OS=Windows_NT
PROCESSOR_IDENTIFIER=Intel64 Family 6 Model 60 Stepping 3, GenuineIntel



---------------  S Y S T E M  ---------------

OS: Windows 10 , 64 bit Build 19041 (10.0.19041.2913)
OS uptime: 0 days 1:44 hours

CPU:total 4 (initial active 4) (2 cores per cpu, 2 threads per core) family 6 model 60 stepping 3 microcode 0x27, cmov, cx8, fxsr, mmx, sse, sse2, sse3, ssse3, sse4.1, sse4.2, popcnt, avx, avx2, aes, clmul, erms, lzcnt, ht, tsc, tscinvbit, bmi1, bmi2, fma

Memory: 4k page, system-wide physical 12192M (2058M free)
TotalPageFile size 14240M (AvailPageFile size 0M)
current process WorkingSet (physical memory assigned to process): 70M, peak: 70M
current process commit charge ("private bytes"): 275M, peak: 275M

vm_info: OpenJDK 64-Bit Server VM (11.0.12+7-b1504.28-7817840) for windows-amd64 JRE (11.0.12+7-b1504.28-7817840), built on Oct 13 2021 22:12:33 by "builder" with MS VC++ 14.0 (VS2015)

END.
