#
# There is insufficient memory for the Java Runtime Environment to continue.
# Native memory allocation (malloc) failed to allocate 32744 bytes for ChunkPool::allocate
# Possible reasons:
#   The system is out of physical RAM or swap space
#   The process is running with CompressedOops enabled, and the Java Heap may be blocking the growth of the native heap
# Possible solutions:
#   Reduce memory load on the system
#   Increase physical memory or swap space
#   Check if swap backing store is full
#   Decrease Java heap size (-Xmx/-Xms)
#   Decrease number of Java threads
#   Decrease Java thread stack sizes (-Xss)
#   Set larger code cache with -XX:ReservedCodeCacheSize=
#   JVM is running with Zero Based Compressed Oops mode in which the Java heap is
#     placed in the first 32GB address space. The Java Heap base address is the
#     maximum limit for the native heap growth. Please use -XX:HeapBaseMinAddress
#     to set the Java Heap base and to place the Java Heap above 32GB virtual address.
# This output file may be truncated or incomplete.
#
#  Out of Memory Error (./src/hotspot/share/memory/arena.cpp:81), pid=13900, tid=5680
#
# JRE version: OpenJDK Runtime Environment (11.0.12+7) (build 11.0.12+7-b1504.28-7817840)
# Java VM: OpenJDK 64-Bit Server VM (11.0.12+7-b1504.28-7817840, mixed mode, tiered, compressed oops, g1 gc, windows-amd64)
# No core dump will be written. Minidumps are not enabled by default on client versions of Windows
#

---------------  S U M M A R Y ------------

Command Line: -Dorg.gradle.appname=gradlew org.gradle.wrapper.GradleWrapperMain -q -Ptarget-platform=android-x86 -Ptarget=C:\Users\Akrammm\Desktop\Clinic_Application\lib\main.dart -Pbase-application-name=android.app.Application -Pdart-defines=RkxVVFRFUl9XRUJfQVVUT19ERVRFQ1Q9dHJ1ZQ== -Pdart-obfuscation=false -Ptrack-widget-creation=true -Ptree-shake-icons=false -Pfilesystem-scheme=org-dartlang-root assembleDebug

Host: Intel(R) Core(TM) i7-4610M CPU @ 3.00GHz, 4 cores, 11G,  Windows 10 , 64 bit Build 19041 (10.0.19041.2913)
Time: Sun May 21 18:28:46 2023 Egypt Daylight Time elapsed time: 7.480215 seconds (0d 0h 0m 7s)

---------------  T H R E A D  ---------------

Current thread (0x00000124561bc000):  JavaThread "C1 CompilerThread0" daemon [_thread_in_native, id=5680, stack(0x0000001f0e000000,0x0000001f0e100000)]


Current CompileTask:
C1:   7480 1157       3       org.gradle.internal.logging.text.AbstractLineChoppingStyledTextOutput$1::execute (140 bytes)

Stack: [0x0000001f0e000000,0x0000001f0e100000]
Native frames: (J=compiled Java code, j=interpreted, Vv=VM code, C=native code)
V  [jvm.dll+0x5fbcea]
V  [jvm.dll+0x731905]
V  [jvm.dll+0x732f1d]
V  [jvm.dll+0x7335d3]
V  [jvm.dll+0x247bf8]
V  [jvm.dll+0xc041b]
V  [jvm.dll+0xc06cc]
V  [jvm.dll+0x141d80]
V  [jvm.dll+0x15d99b]
V  [jvm.dll+0x158e2d]
V  [jvm.dll+0x15396e]
V  [jvm.dll+0x13fe00]
V  [jvm.dll+0x1289d0]
V  [jvm.dll+0x128569]
V  [jvm.dll+0x1286d3]
V  [jvm.dll+0x1279e7]
V  [jvm.dll+0x1295b7]
V  [jvm.dll+0x20e0d7]
V  [jvm.dll+0x20c901]
V  [jvm.dll+0x6f9b7f]
V  [jvm.dll+0x6f26a5]
V  [jvm.dll+0x5fabf6]
C  [ucrtbase.dll+0x21bb2]
C  [KERNEL32.DLL+0x17614]
C  [ntdll.dll+0x526a1]


---------------  P R O C E S S  ---------------

Threads class SMR info:
_java_thread_list=0x0000012457360bd0, length=12, elements={
0x0000012437832800, 0x0000012455973800, 0x0000012455975000, 0x00000124561b3000,
0x00000124561b5000, 0x00000124561b7800, 0x00000124561ba800, 0x00000124561bc000,
0x00000124561ff800, 0x0000012456364800, 0x0000012456d1a000, 0x000001245702f800
}

Java Threads: ( => current thread )
  0x0000012437832800 JavaThread "main" [_thread_in_native, id=14204, stack(0x0000001f0d300000,0x0000001f0d400000)]
  0x0000012455973800 JavaThread "Reference Handler" daemon [_thread_blocked, id=8676, stack(0x0000001f0da00000,0x0000001f0db00000)]
  0x0000012455975000 JavaThread "Finalizer" daemon [_thread_blocked, id=3620, stack(0x0000001f0db00000,0x0000001f0dc00000)]
  0x00000124561b3000 JavaThread "Signal Dispatcher" daemon [_thread_blocked, id=9180, stack(0x0000001f0dc00000,0x0000001f0dd00000)]
  0x00000124561b5000 JavaThread "Attach Listener" daemon [_thread_blocked, id=7056, stack(0x0000001f0dd00000,0x0000001f0de00000)]
  0x00000124561b7800 JavaThread "Service Thread" daemon [_thread_blocked, id=6444, stack(0x0000001f0de00000,0x0000001f0df00000)]
  0x00000124561ba800 JavaThread "C2 CompilerThread0" daemon [_thread_blocked, id=4712, stack(0x0000001f0df00000,0x0000001f0e000000)]
=>0x00000124561bc000 JavaThread "C1 CompilerThread0" daemon [_thread_in_native, id=5680, stack(0x0000001f0e000000,0x0000001f0e100000)]
  0x00000124561ff800 JavaThread "Sweeper thread" daemon [_thread_blocked, id=3628, stack(0x0000001f0e100000,0x0000001f0e200000)]
  0x0000012456364800 JavaThread "Common-Cleaner" daemon [_thread_blocked, id=3404, stack(0x0000001f0e300000,0x0000001f0e400000)]
  0x0000012456d1a000 JavaThread "pool-1-thread-1" [_thread_blocked, id=13616, stack(0x0000001f0e800000,0x0000001f0e900000)]
  0x000001245702f800 JavaThread "Forward input" [_thread_blocked, id=5116, stack(0x0000001f0ea00000,0x0000001f0eb00000)]

Other Threads:
  0x00000124561a6000 VMThread "VM Thread" [stack: 0x0000001f0d900000,0x0000001f0da00000] [id=2980]
  0x000001245635f800 WatcherThread [stack: 0x0000001f0e200000,0x0000001f0e300000] [id=9452]
  0x000001243780d000 GCTaskThread "GC Thread#0" [stack: 0x0000001f0d400000,0x0000001f0d500000] [id=12892]
  0x0000012456924000 GCTaskThread "GC Thread#1" [stack: 0x0000001f0e400000,0x0000001f0e500000] [id=9632]
  0x00000124567ef000 GCTaskThread "GC Thread#2" [stack: 0x0000001f0e500000,0x0000001f0e600000] [id=6152]
  0x00000124567b2800 GCTaskThread "GC Thread#3" [stack: 0x0000001f0e600000,0x0000001f0e700000] [id=11532]
  0x000001243788c800 ConcurrentGCThread "G1 Main Marker" [stack: 0x0000001f0d500000,0x0000001f0d600000] [id=2356]
  0x000001243788e000 ConcurrentGCThread "G1 Conc#0" [stack: 0x0000001f0d600000,0x0000001f0d700000] [id=12044]
  0x000001243790e000 ConcurrentGCThread "G1 Refine#0" [stack: 0x0000001f0d700000,0x0000001f0d800000] [id=10012]
  0x00000124557ce800 ConcurrentGCThread "G1 Young RemSet Sampling" [stack: 0x0000001f0d800000,0x0000001f0d900000] [id=8724]

Threads with active compile tasks:
C1 CompilerThread0   7503 1157       3       org.gradle.internal.logging.text.AbstractLineChoppingStyledTextOutput$1::execute (140 bytes)

VM state:not at safepoint (normal execution)

VM Mutex/Monitor currently owned by a thread: None

Heap address: 0x0000000741600000, size: 3050 MB, Compressed Oops mode: Zero based, Oop shift amount: 3
Narrow klass base: 0x0000000800000000, Narrow klass shift: 0
Compressed class space size: 1073741824 Address: 0x0000000800000000

Heap:
 garbage-first heap   total 196608K, used 34918K [0x0000000741600000, 0x0000000800000000)
  region size 1024K, 31 young (31744K), 2 survivors (2048K)
 Metaspace       used 15065K, capacity 15357K, committed 15488K, reserved 1062912K
  class space    used 1746K, capacity 1867K, committed 1920K, reserved 1048576K
Heap Regions: E=young(eden), S=young(survivor), O=old, HS=humongous(starts), HC=humongous(continues), CS=collection set, F=free, A=archive, TAMS=top-at-mark-start (previous, next)
|   0|0x0000000741600000, 0x0000000741700000, 0x0000000741700000|100%|HS|  |TAMS 0x0000000741600000, 0x0000000741600000| Complete 
|   1|0x0000000741700000, 0x0000000741800000, 0x0000000741800000|100%|HC|  |TAMS 0x0000000741700000, 0x0000000741700000| Complete 
|   2|0x0000000741800000, 0x0000000741900000, 0x0000000741900000|100%|HC|  |TAMS 0x0000000741800000, 0x0000000741800000| Complete 
|   3|0x0000000741900000, 0x0000000741a00000, 0x0000000741a00000|100%| O|  |TAMS 0x0000000741900000, 0x0000000741900000| Untracked 
|   4|0x0000000741a00000, 0x0000000741a19a00, 0x0000000741b00000| 10%| O|  |TAMS 0x0000000741a00000, 0x0000000741a00000| Untracked 
|   5|0x0000000741b00000, 0x0000000741b00000, 0x0000000741c00000|  0%| F|  |TAMS 0x0000000741b00000, 0x0000000741b00000| Untracked 
|   6|0x0000000741c00000, 0x0000000741c00000, 0x0000000741d00000|  0%| F|  |TAMS 0x0000000741c00000, 0x0000000741c00000| Untracked 
|   7|0x0000000741d00000, 0x0000000741d00000, 0x0000000741e00000|  0%| F|  |TAMS 0x0000000741d00000, 0x0000000741d00000| Untracked 
|   8|0x0000000741e00000, 0x0000000741e00000, 0x0000000741f00000|  0%| F|  |TAMS 0x0000000741e00000, 0x0000000741e00000| Untracked 
|   9|0x0000000741f00000, 0x0000000741f00000, 0x0000000742000000|  0%| F|  |TAMS 0x0000000741f00000, 0x0000000741f00000| Untracked 
|  10|0x0000000742000000, 0x0000000742000000, 0x0000000742100000|  0%| F|  |TAMS 0x0000000742000000, 0x0000000742000000| Untracked 
|  11|0x0000000742100000, 0x0000000742100000, 0x0000000742200000|  0%| F|  |TAMS 0x0000000742100000, 0x0000000742100000| Untracked 
|  12|0x0000000742200000, 0x0000000742200000, 0x0000000742300000|  0%| F|  |TAMS 0x0000000742200000, 0x0000000742200000| Untracked 
|  13|0x0000000742300000, 0x0000000742300000, 0x0000000742400000|  0%| F|  |TAMS 0x0000000742300000, 0x0000000742300000| Untracked 
|  14|0x0000000742400000, 0x0000000742400000, 0x0000000742500000|  0%| F|  |TAMS 0x0000000742400000, 0x0000000742400000| Untracked 
|  15|0x0000000742500000, 0x0000000742500000, 0x0000000742600000|  0%| F|  |TAMS 0x0000000742500000, 0x0000000742500000| Untracked 
|  16|0x0000000742600000, 0x0000000742600000, 0x0000000742700000|  0%| F|  |TAMS 0x0000000742600000, 0x0000000742600000| Untracked 
|  17|0x0000000742700000, 0x0000000742700000, 0x0000000742800000|  0%| F|  |TAMS 0x0000000742700000, 0x0000000742700000| Untracked 
|  18|0x0000000742800000, 0x0000000742800000, 0x0000000742900000|  0%| F|  |TAMS 0x0000000742800000, 0x0000000742800000| Untracked 
|  19|0x0000000742900000, 0x0000000742900000, 0x0000000742a00000|  0%| F|  |TAMS 0x0000000742900000, 0x0000000742900000| Untracked 
|  20|0x0000000742a00000, 0x0000000742a00000, 0x0000000742b00000|  0%| F|  |TAMS 0x0000000742a00000, 0x0000000742a00000| Untracked 
|  21|0x0000000742b00000, 0x0000000742b00000, 0x0000000742c00000|  0%| F|  |TAMS 0x0000000742b00000, 0x0000000742b00000| Untracked 
|  22|0x0000000742c00000, 0x0000000742c00000, 0x0000000742d00000|  0%| F|  |TAMS 0x0000000742c00000, 0x0000000742c00000| Untracked 
|  23|0x0000000742d00000, 0x0000000742d00000, 0x0000000742e00000|  0%| F|  |TAMS 0x0000000742d00000, 0x0000000742d00000| Untracked 
|  24|0x0000000742e00000, 0x0000000742e00000, 0x0000000742f00000|  0%| F|  |TAMS 0x0000000742e00000, 0x0000000742e00000| Untracked 
|  25|0x0000000742f00000, 0x0000000742f00000, 0x0000000743000000|  0%| F|  |TAMS 0x0000000742f00000, 0x0000000742f00000| Untracked 
|  26|0x0000000743000000, 0x0000000743000000, 0x0000000743100000|  0%| F|  |TAMS 0x0000000743000000, 0x0000000743000000| Untracked 
|  27|0x0000000743100000, 0x0000000743100000, 0x0000000743200000|  0%| F|  |TAMS 0x0000000743100000, 0x0000000743100000| Untracked 
|  28|0x0000000743200000, 0x0000000743200000, 0x0000000743300000|  0%| F|  |TAMS 0x0000000743200000, 0x0000000743200000| Untracked 
|  29|0x0000000743300000, 0x0000000743300000, 0x0000000743400000|  0%| F|  |TAMS 0x0000000743300000, 0x0000000743300000| Untracked 
|  30|0x0000000743400000, 0x0000000743400000, 0x0000000743500000|  0%| F|  |TAMS 0x0000000743400000, 0x0000000743400000| Untracked 
|  31|0x0000000743500000, 0x0000000743500000, 0x0000000743600000|  0%| F|  |TAMS 0x0000000743500000, 0x0000000743500000| Untracked 
|  32|0x0000000743600000, 0x0000000743600000, 0x0000000743700000|  0%| F|  |TAMS 0x0000000743600000, 0x0000000743600000| Untracked 
|  33|0x0000000743700000, 0x0000000743700000, 0x0000000743800000|  0%| F|  |TAMS 0x0000000743700000, 0x0000000743700000| Untracked 
|  34|0x0000000743800000, 0x0000000743800000, 0x0000000743900000|  0%| F|  |TAMS 0x0000000743800000, 0x0000000743800000| Untracked 
|  35|0x0000000743900000, 0x0000000743900000, 0x0000000743a00000|  0%| F|  |TAMS 0x0000000743900000, 0x0000000743900000| Untracked 
|  36|0x0000000743a00000, 0x0000000743a00000, 0x0000000743b00000|  0%| F|  |TAMS 0x0000000743a00000, 0x0000000743a00000| Untracked 
|  37|0x0000000743b00000, 0x0000000743b00000, 0x0000000743c00000|  0%| F|  |TAMS 0x0000000743b00000, 0x0000000743b00000| Untracked 
|  38|0x0000000743c00000, 0x0000000743c00000, 0x0000000743d00000|  0%| F|  |TAMS 0x0000000743c00000, 0x0000000743c00000| Untracked 
|  39|0x0000000743d00000, 0x0000000743d00000, 0x0000000743e00000|  0%| F|  |TAMS 0x0000000743d00000, 0x0000000743d00000| Untracked 
|  40|0x0000000743e00000, 0x0000000743e00000, 0x0000000743f00000|  0%| F|  |TAMS 0x0000000743e00000, 0x0000000743e00000| Untracked 
|  41|0x0000000743f00000, 0x0000000743f00000, 0x0000000744000000|  0%| F|  |TAMS 0x0000000743f00000, 0x0000000743f00000| Untracked 
|  42|0x0000000744000000, 0x0000000744000000, 0x0000000744100000|  0%| F|  |TAMS 0x0000000744000000, 0x0000000744000000| Untracked 
|  43|0x0000000744100000, 0x0000000744100000, 0x0000000744200000|  0%| F|  |TAMS 0x0000000744100000, 0x0000000744100000| Untracked 
|  44|0x0000000744200000, 0x0000000744200000, 0x0000000744300000|  0%| F|  |TAMS 0x0000000744200000, 0x0000000744200000| Untracked 
|  45|0x0000000744300000, 0x0000000744300000, 0x0000000744400000|  0%| F|  |TAMS 0x0000000744300000, 0x0000000744300000| Untracked 
|  46|0x0000000744400000, 0x0000000744400000, 0x0000000744500000|  0%| F|  |TAMS 0x0000000744400000, 0x0000000744400000| Untracked 
|  47|0x0000000744500000, 0x0000000744500000, 0x0000000744600000|  0%| F|  |TAMS 0x0000000744500000, 0x0000000744500000| Untracked 
|  48|0x0000000744600000, 0x0000000744600000, 0x0000000744700000|  0%| F|  |TAMS 0x0000000744600000, 0x0000000744600000| Untracked 
|  49|0x0000000744700000, 0x0000000744700000, 0x0000000744800000|  0%| F|  |TAMS 0x0000000744700000, 0x0000000744700000| Untracked 
|  50|0x0000000744800000, 0x0000000744800000, 0x0000000744900000|  0%| F|  |TAMS 0x0000000744800000, 0x0000000744800000| Untracked 
|  51|0x0000000744900000, 0x0000000744900000, 0x0000000744a00000|  0%| F|  |TAMS 0x0000000744900000, 0x0000000744900000| Untracked 
|  52|0x0000000744a00000, 0x0000000744a00000, 0x0000000744b00000|  0%| F|  |TAMS 0x0000000744a00000, 0x0000000744a00000| Untracked 
|  53|0x0000000744b00000, 0x0000000744b00000, 0x0000000744c00000|  0%| F|  |TAMS 0x0000000744b00000, 0x0000000744b00000| Untracked 
|  54|0x0000000744c00000, 0x0000000744c00000, 0x0000000744d00000|  0%| F|  |TAMS 0x0000000744c00000, 0x0000000744c00000| Untracked 
|  55|0x0000000744d00000, 0x0000000744d00000, 0x0000000744e00000|  0%| F|  |TAMS 0x0000000744d00000, 0x0000000744d00000| Untracked 
|  56|0x0000000744e00000, 0x0000000744e00000, 0x0000000744f00000|  0%| F|  |TAMS 0x0000000744e00000, 0x0000000744e00000| Untracked 
|  57|0x0000000744f00000, 0x0000000744f00000, 0x0000000745000000|  0%| F|  |TAMS 0x0000000744f00000, 0x0000000744f00000| Untracked 
|  58|0x0000000745000000, 0x0000000745000000, 0x0000000745100000|  0%| F|  |TAMS 0x0000000745000000, 0x0000000745000000| Untracked 
|  59|0x0000000745100000, 0x0000000745100000, 0x0000000745200000|  0%| F|  |TAMS 0x0000000745100000, 0x0000000745100000| Untracked 
|  60|0x0000000745200000, 0x0000000745200000, 0x0000000745300000|  0%| F|  |TAMS 0x0000000745200000, 0x0000000745200000| Untracked 
|  61|0x0000000745300000, 0x0000000745300000, 0x0000000745400000|  0%| F|  |TAMS 0x0000000745300000, 0x0000000745300000| Untracked 
|  62|0x0000000745400000, 0x0000000745400000, 0x0000000745500000|  0%| F|  |TAMS 0x0000000745400000, 0x0000000745400000| Untracked 
|  63|0x0000000745500000, 0x0000000745500000, 0x0000000745600000|  0%| F|  |TAMS 0x0000000745500000, 0x0000000745500000| Untracked 
|  64|0x0000000745600000, 0x0000000745600000, 0x0000000745700000|  0%| F|  |TAMS 0x0000000745600000, 0x0000000745600000| Untracked 
|  65|0x0000000745700000, 0x0000000745700000, 0x0000000745800000|  0%| F|  |TAMS 0x0000000745700000, 0x0000000745700000| Untracked 
|  66|0x0000000745800000, 0x0000000745800000, 0x0000000745900000|  0%| F|  |TAMS 0x0000000745800000, 0x0000000745800000| Untracked 
|  67|0x0000000745900000, 0x0000000745900000, 0x0000000745a00000|  0%| F|  |TAMS 0x0000000745900000, 0x0000000745900000| Untracked 
|  68|0x0000000745a00000, 0x0000000745a00000, 0x0000000745b00000|  0%| F|  |TAMS 0x0000000745a00000, 0x0000000745a00000| Untracked 
|  69|0x0000000745b00000, 0x0000000745b00000, 0x0000000745c00000|  0%| F|  |TAMS 0x0000000745b00000, 0x0000000745b00000| Untracked 
|  70|0x0000000745c00000, 0x0000000745c00000, 0x0000000745d00000|  0%| F|  |TAMS 0x0000000745c00000, 0x0000000745c00000| Untracked 
|  71|0x0000000745d00000, 0x0000000745d00000, 0x0000000745e00000|  0%| F|  |TAMS 0x0000000745d00000, 0x0000000745d00000| Untracked 
|  72|0x0000000745e00000, 0x0000000745e00000, 0x0000000745f00000|  0%| F|  |TAMS 0x0000000745e00000, 0x0000000745e00000| Untracked 
|  73|0x0000000745f00000, 0x0000000745f00000, 0x0000000746000000|  0%| F|  |TAMS 0x0000000745f00000, 0x0000000745f00000| Untracked 
|  74|0x0000000746000000, 0x0000000746000000, 0x0000000746100000|  0%| F|  |TAMS 0x0000000746000000, 0x0000000746000000| Untracked 
|  75|0x0000000746100000, 0x0000000746100000, 0x0000000746200000|  0%| F|  |TAMS 0x0000000746100000, 0x0000000746100000| Untracked 
|  76|0x0000000746200000, 0x0000000746200000, 0x0000000746300000|  0%| F|  |TAMS 0x0000000746200000, 0x0000000746200000| Untracked 
|  77|0x0000000746300000, 0x0000000746300000, 0x0000000746400000|  0%| F|  |TAMS 0x0000000746300000, 0x0000000746300000| Untracked 
|  78|0x0000000746400000, 0x0000000746400000, 0x0000000746500000|  0%| F|  |TAMS 0x0000000746400000, 0x0000000746400000| Untracked 
|  79|0x0000000746500000, 0x0000000746500000, 0x0000000746600000|  0%| F|  |TAMS 0x0000000746500000, 0x0000000746500000| Untracked 
|  80|0x0000000746600000, 0x0000000746600000, 0x0000000746700000|  0%| F|  |TAMS 0x0000000746600000, 0x0000000746600000| Untracked 
|  81|0x0000000746700000, 0x0000000746700000, 0x0000000746800000|  0%| F|  |TAMS 0x0000000746700000, 0x0000000746700000| Untracked 
|  82|0x0000000746800000, 0x0000000746800000, 0x0000000746900000|  0%| F|  |TAMS 0x0000000746800000, 0x0000000746800000| Untracked 
|  83|0x0000000746900000, 0x0000000746900000, 0x0000000746a00000|  0%| F|  |TAMS 0x0000000746900000, 0x0000000746900000| Untracked 
|  84|0x0000000746a00000, 0x0000000746a00000, 0x0000000746b00000|  0%| F|  |TAMS 0x0000000746a00000, 0x0000000746a00000| Untracked 
|  85|0x0000000746b00000, 0x0000000746b00000, 0x0000000746c00000|  0%| F|  |TAMS 0x0000000746b00000, 0x0000000746b00000| Untracked 
|  86|0x0000000746c00000, 0x0000000746c00000, 0x0000000746d00000|  0%| F|  |TAMS 0x0000000746c00000, 0x0000000746c00000| Untracked 
|  87|0x0000000746d00000, 0x0000000746d00000, 0x0000000746e00000|  0%| F|  |TAMS 0x0000000746d00000, 0x0000000746d00000| Untracked 
|  88|0x0000000746e00000, 0x0000000746e00000, 0x0000000746f00000|  0%| F|  |TAMS 0x0000000746e00000, 0x0000000746e00000| Untracked 
|  89|0x0000000746f00000, 0x0000000746f00000, 0x0000000747000000|  0%| F|  |TAMS 0x0000000746f00000, 0x0000000746f00000| Untracked 
|  90|0x0000000747000000, 0x0000000747000000, 0x0000000747100000|  0%| F|  |TAMS 0x0000000747000000, 0x0000000747000000| Untracked 
|  91|0x0000000747100000, 0x0000000747100000, 0x0000000747200000|  0%| F|  |TAMS 0x0000000747100000, 0x0000000747100000| Untracked 
|  92|0x0000000747200000, 0x0000000747200000, 0x0000000747300000|  0%| F|  |TAMS 0x0000000747200000, 0x0000000747200000| Untracked 
|  93|0x0000000747300000, 0x0000000747300000, 0x0000000747400000|  0%| F|  |TAMS 0x0000000747300000, 0x0000000747300000| Untracked 
|  94|0x0000000747400000, 0x0000000747400000, 0x0000000747500000|  0%| F|  |TAMS 0x0000000747400000, 0x0000000747400000| Untracked 
|  95|0x0000000747500000, 0x0000000747500000, 0x0000000747600000|  0%| F|  |TAMS 0x0000000747500000, 0x0000000747500000| Untracked 
|  96|0x0000000747600000, 0x0000000747600000, 0x0000000747700000|  0%| F|  |TAMS 0x0000000747600000, 0x0000000747600000| Untracked 
|  97|0x0000000747700000, 0x0000000747700000, 0x0000000747800000|  0%| F|  |TAMS 0x0000000747700000, 0x0000000747700000| Untracked 
|  98|0x0000000747800000, 0x0000000747800000, 0x0000000747900000|  0%| F|  |TAMS 0x0000000747800000, 0x0000000747800000| Untracked 
|  99|0x0000000747900000, 0x0000000747900000, 0x0000000747a00000|  0%| F|  |TAMS 0x0000000747900000, 0x0000000747900000| Untracked 
| 100|0x0000000747a00000, 0x0000000747a00000, 0x0000000747b00000|  0%| F|  |TAMS 0x0000000747a00000, 0x0000000747a00000| Untracked 
| 101|0x0000000747b00000, 0x0000000747b00000, 0x0000000747c00000|  0%| F|  |TAMS 0x0000000747b00000, 0x0000000747b00000| Untracked 
| 102|0x0000000747c00000, 0x0000000747c00000, 0x0000000747d00000|  0%| F|  |TAMS 0x0000000747c00000, 0x0000000747c00000| Untracked 
| 103|0x0000000747d00000, 0x0000000747d00000, 0x0000000747e00000|  0%| F|  |TAMS 0x0000000747d00000, 0x0000000747d00000| Untracked 
| 104|0x0000000747e00000, 0x0000000747e00000, 0x0000000747f00000|  0%| F|  |TAMS 0x0000000747e00000, 0x0000000747e00000| Untracked 
| 105|0x0000000747f00000, 0x0000000747f00000, 0x0000000748000000|  0%| F|  |TAMS 0x0000000747f00000, 0x0000000747f00000| Untracked 
| 106|0x0000000748000000, 0x0000000748000000, 0x0000000748100000|  0%| F|  |TAMS 0x0000000748000000, 0x0000000748000000| Untracked 
| 107|0x0000000748100000, 0x0000000748100000, 0x0000000748200000|  0%| F|  |TAMS 0x0000000748100000, 0x0000000748100000| Untracked 
| 108|0x0000000748200000, 0x0000000748200000, 0x0000000748300000|  0%| F|  |TAMS 0x0000000748200000, 0x0000000748200000| Untracked 
| 109|0x0000000748300000, 0x0000000748300000, 0x0000000748400000|  0%| F|  |TAMS 0x0000000748300000, 0x0000000748300000| Untracked 
| 110|0x0000000748400000, 0x0000000748400000, 0x0000000748500000|  0%| F|  |TAMS 0x0000000748400000, 0x0000000748400000| Untracked 
| 111|0x0000000748500000, 0x0000000748500000, 0x0000000748600000|  0%| F|  |TAMS 0x0000000748500000, 0x0000000748500000| Untracked 
| 112|0x0000000748600000, 0x0000000748600000, 0x0000000748700000|  0%| F|  |TAMS 0x0000000748600000, 0x0000000748600000| Untracked 
| 113|0x0000000748700000, 0x0000000748700000, 0x0000000748800000|  0%| F|  |TAMS 0x0000000748700000, 0x0000000748700000| Untracked 
| 114|0x0000000748800000, 0x0000000748800000, 0x0000000748900000|  0%| F|  |TAMS 0x0000000748800000, 0x0000000748800000| Untracked 
| 115|0x0000000748900000, 0x0000000748900000, 0x0000000748a00000|  0%| F|  |TAMS 0x0000000748900000, 0x0000000748900000| Untracked 
| 116|0x0000000748a00000, 0x0000000748a00000, 0x0000000748b00000|  0%| F|  |TAMS 0x0000000748a00000, 0x0000000748a00000| Untracked 
| 117|0x0000000748b00000, 0x0000000748b00000, 0x0000000748c00000|  0%| F|  |TAMS 0x0000000748b00000, 0x0000000748b00000| Untracked 
| 118|0x0000000748c00000, 0x0000000748c00000, 0x0000000748d00000|  0%| F|  |TAMS 0x0000000748c00000, 0x0000000748c00000| Untracked 
| 119|0x0000000748d00000, 0x0000000748d00000, 0x0000000748e00000|  0%| F|  |TAMS 0x0000000748d00000, 0x0000000748d00000| Untracked 
| 120|0x0000000748e00000, 0x0000000748e00000, 0x0000000748f00000|  0%| F|  |TAMS 0x0000000748e00000, 0x0000000748e00000| Untracked 
| 121|0x0000000748f00000, 0x0000000748f00000, 0x0000000749000000|  0%| F|  |TAMS 0x0000000748f00000, 0x0000000748f00000| Untracked 
| 122|0x0000000749000000, 0x0000000749000000, 0x0000000749100000|  0%| F|  |TAMS 0x0000000749000000, 0x0000000749000000| Untracked 
| 123|0x0000000749100000, 0x0000000749100000, 0x0000000749200000|  0%| F|  |TAMS 0x0000000749100000, 0x0000000749100000| Untracked 
| 124|0x0000000749200000, 0x0000000749200000, 0x0000000749300000|  0%| F|  |TAMS 0x0000000749200000, 0x0000000749200000| Untracked 
| 125|0x0000000749300000, 0x0000000749300000, 0x0000000749400000|  0%| F|  |TAMS 0x0000000749300000, 0x0000000749300000| Untracked 
| 126|0x0000000749400000, 0x0000000749400000, 0x0000000749500000|  0%| F|  |TAMS 0x0000000749400000, 0x0000000749400000| Untracked 
| 127|0x0000000749500000, 0x0000000749500000, 0x0000000749600000|  0%| F|  |TAMS 0x0000000749500000, 0x0000000749500000| Untracked 
| 128|0x0000000749600000, 0x0000000749600000, 0x0000000749700000|  0%| F|  |TAMS 0x0000000749600000, 0x0000000749600000| Untracked 
| 129|0x0000000749700000, 0x0000000749700000, 0x0000000749800000|  0%| F|  |TAMS 0x0000000749700000, 0x0000000749700000| Untracked 
| 130|0x0000000749800000, 0x0000000749800000, 0x0000000749900000|  0%| F|  |TAMS 0x0000000749800000, 0x0000000749800000| Untracked 
| 131|0x0000000749900000, 0x0000000749900000, 0x0000000749a00000|  0%| F|  |TAMS 0x0000000749900000, 0x0000000749900000| Untracked 
| 132|0x0000000749a00000, 0x0000000749a00000, 0x0000000749b00000|  0%| F|  |TAMS 0x0000000749a00000, 0x0000000749a00000| Untracked 
| 133|0x0000000749b00000, 0x0000000749b00000, 0x0000000749c00000|  0%| F|  |TAMS 0x0000000749b00000, 0x0000000749b00000| Untracked 
| 134|0x0000000749c00000, 0x0000000749c00000, 0x0000000749d00000|  0%| F|  |TAMS 0x0000000749c00000, 0x0000000749c00000| Untracked 
| 135|0x0000000749d00000, 0x0000000749d00000, 0x0000000749e00000|  0%| F|  |TAMS 0x0000000749d00000, 0x0000000749d00000| Untracked 
| 136|0x0000000749e00000, 0x0000000749e00000, 0x0000000749f00000|  0%| F|  |TAMS 0x0000000749e00000, 0x0000000749e00000| Untracked 
| 137|0x0000000749f00000, 0x0000000749f00000, 0x000000074a000000|  0%| F|  |TAMS 0x0000000749f00000, 0x0000000749f00000| Untracked 
| 138|0x000000074a000000, 0x000000074a000000, 0x000000074a100000|  0%| F|  |TAMS 0x000000074a000000, 0x000000074a000000| Untracked 
| 139|0x000000074a100000, 0x000000074a100000, 0x000000074a200000|  0%| F|  |TAMS 0x000000074a100000, 0x000000074a100000| Untracked 
| 140|0x000000074a200000, 0x000000074a200000, 0x000000074a300000|  0%| F|  |TAMS 0x000000074a200000, 0x000000074a200000| Untracked 
| 141|0x000000074a300000, 0x000000074a300000, 0x000000074a400000|  0%| F|  |TAMS 0x000000074a300000, 0x000000074a300000| Untracked 
| 142|0x000000074a400000, 0x000000074a400000, 0x000000074a500000|  0%| F|  |TAMS 0x000000074a400000, 0x000000074a400000| Untracked 
| 143|0x000000074a500000, 0x000000074a500000, 0x000000074a600000|  0%| F|  |TAMS 0x000000074a500000, 0x000000074a500000| Untracked 
| 144|0x000000074a600000, 0x000000074a600000, 0x000000074a700000|  0%| F|  |TAMS 0x000000074a600000, 0x000000074a600000| Untracked 
| 145|0x000000074a700000, 0x000000074a700000, 0x000000074a800000|  0%| F|  |TAMS 0x000000074a700000, 0x000000074a700000| Untracked 
| 146|0x000000074a800000, 0x000000074a800000, 0x000000074a900000|  0%| F|  |TAMS 0x000000074a800000, 0x000000074a800000| Untracked 
| 147|0x000000074a900000, 0x000000074a900000, 0x000000074aa00000|  0%| F|  |TAMS 0x000000074a900000, 0x000000074a900000| Untracked 
| 148|0x000000074aa00000, 0x000000074aa00000, 0x000000074ab00000|  0%| F|  |TAMS 0x000000074aa00000, 0x000000074aa00000| Untracked 
| 149|0x000000074ab00000, 0x000000074ab00000, 0x000000074ac00000|  0%| F|  |TAMS 0x000000074ab00000, 0x000000074ab00000| Untracked 
| 150|0x000000074ac00000, 0x000000074ac00000, 0x000000074ad00000|  0%| F|  |TAMS 0x000000074ac00000, 0x000000074ac00000| Untracked 
| 151|0x000000074ad00000, 0x000000074ad00000, 0x000000074ae00000|  0%| F|  |TAMS 0x000000074ad00000, 0x000000074ad00000| Untracked 
| 152|0x000000074ae00000, 0x000000074ae00000, 0x000000074af00000|  0%| F|  |TAMS 0x000000074ae00000, 0x000000074ae00000| Untracked 
| 153|0x000000074af00000, 0x000000074af00000, 0x000000074b000000|  0%| F|  |TAMS 0x000000074af00000, 0x000000074af00000| Untracked 
| 154|0x000000074b000000, 0x000000074b000000, 0x000000074b100000|  0%| F|  |TAMS 0x000000074b000000, 0x000000074b000000| Untracked 
| 155|0x000000074b100000, 0x000000074b100000, 0x000000074b200000|  0%| F|  |TAMS 0x000000074b100000, 0x000000074b100000| Untracked 
| 156|0x000000074b200000, 0x000000074b200000, 0x000000074b300000|  0%| F|  |TAMS 0x000000074b200000, 0x000000074b200000| Untracked 
| 157|0x000000074b300000, 0x000000074b300000, 0x000000074b400000|  0%| F|  |TAMS 0x000000074b300000, 0x000000074b300000| Untracked 
| 158|0x000000074b400000, 0x000000074b400000, 0x000000074b500000|  0%| F|  |TAMS 0x000000074b400000, 0x000000074b400000| Untracked 
| 159|0x000000074b500000, 0x000000074b500000, 0x000000074b600000|  0%| F|  |TAMS 0x000000074b500000, 0x000000074b500000| Untracked 
| 160|0x000000074b600000, 0x000000074b600000, 0x000000074b700000|  0%| F|  |TAMS 0x000000074b600000, 0x000000074b600000| Untracked 
| 161|0x000000074b700000, 0x000000074b800000, 0x000000074b800000|100%| E|  |TAMS 0x000000074b700000, 0x000000074b700000| Complete 
| 162|0x000000074b800000, 0x000000074b900000, 0x000000074b900000|100%| E|CS|TAMS 0x000000074b800000, 0x000000074b800000| Complete 
| 163|0x000000074b900000, 0x000000074ba00000, 0x000000074ba00000|100%| E|CS|TAMS 0x000000074b900000, 0x000000074b900000| Complete 
| 164|0x000000074ba00000, 0x000000074bb00000, 0x000000074bb00000|100%| E|CS|TAMS 0x000000074ba00000, 0x000000074ba00000| Complete 
| 165|0x000000074bb00000, 0x000000074bc00000, 0x000000074bc00000|100%| E|CS|TAMS 0x000000074bb00000, 0x000000074bb00000| Complete 
| 166|0x000000074bc00000, 0x000000074bd00000, 0x000000074bd00000|100%| E|CS|TAMS 0x000000074bc00000, 0x000000074bc00000| Complete 
| 167|0x000000074bd00000, 0x000000074be00000, 0x000000074be00000|100%| E|CS|TAMS 0x000000074bd00000, 0x000000074bd00000| Complete 
| 168|0x000000074be00000, 0x000000074bf00000, 0x000000074bf00000|100%| E|CS|TAMS 0x000000074be00000, 0x000000074be00000| Complete 
| 169|0x000000074bf00000, 0x000000074c000000, 0x000000074c000000|100%| E|CS|TAMS 0x000000074bf00000, 0x000000074bf00000| Complete 
| 170|0x000000074c000000, 0x000000074c100000, 0x000000074c100000|100%| E|CS|TAMS 0x000000074c000000, 0x000000074c000000| Complete 
| 171|0x000000074c100000, 0x000000074c200000, 0x000000074c200000|100%| E|CS|TAMS 0x000000074c100000, 0x000000074c100000| Complete 
| 172|0x000000074c200000, 0x000000074c300000, 0x000000074c300000|100%| E|CS|TAMS 0x000000074c200000, 0x000000074c200000| Complete 
| 173|0x000000074c300000, 0x000000074c400000, 0x000000074c400000|100%| E|CS|TAMS 0x000000074c300000, 0x000000074c300000| Complete 
| 174|0x000000074c400000, 0x000000074c500000, 0x000000074c500000|100%| E|CS|TAMS 0x000000074c400000, 0x000000074c400000| Complete 
| 175|0x000000074c500000, 0x000000074c600000, 0x000000074c600000|100%| E|CS|TAMS 0x000000074c500000, 0x000000074c500000| Complete 
| 176|0x000000074c600000, 0x000000074c700000, 0x000000074c700000|100%| S|CS|TAMS 0x000000074c600000, 0x000000074c600000| Complete 
| 177|0x000000074c700000, 0x000000074c800000, 0x000000074c800000|100%| S|CS|TAMS 0x000000074c700000, 0x000000074c700000| Complete 
| 178|0x000000074c800000, 0x000000074c900000, 0x000000074c900000|100%| E|CS|TAMS 0x000000074c800000, 0x000000074c800000| Complete 
| 179|0x000000074c900000, 0x000000074ca00000, 0x000000074ca00000|100%| E|CS|TAMS 0x000000074c900000, 0x000000074c900000| Complete 
| 180|0x000000074ca00000, 0x000000074cb00000, 0x000000074cb00000|100%| E|CS|TAMS 0x000000074ca00000, 0x000000074ca00000| Complete 
| 181|0x000000074cb00000, 0x000000074cc00000, 0x000000074cc00000|100%| E|CS|TAMS 0x000000074cb00000, 0x000000074cb00000| Complete 
| 182|0x000000074cc00000, 0x000000074cd00000, 0x000000074cd00000|100%| E|CS|TAMS 0x000000074cc00000, 0x000000074cc00000| Complete 
| 183|0x000000074cd00000, 0x000000074ce00000, 0x000000074ce00000|100%| E|CS|TAMS 0x000000074cd00000, 0x000000074cd00000| Complete 
| 184|0x000000074ce00000, 0x000000074cf00000, 0x000000074cf00000|100%| E|CS|TAMS 0x000000074ce00000, 0x000000074ce00000| Complete 
| 185|0x000000074cf00000, 0x000000074d000000, 0x000000074d000000|100%| E|CS|TAMS 0x000000074cf00000, 0x000000074cf00000| Complete 
| 186|0x000000074d000000, 0x000000074d100000, 0x000000074d100000|100%| E|CS|TAMS 0x000000074d000000, 0x000000074d000000| Complete 
| 187|0x000000074d100000, 0x000000074d200000, 0x000000074d200000|100%| E|CS|TAMS 0x000000074d100000, 0x000000074d100000| Complete 
| 188|0x000000074d200000, 0x000000074d300000, 0x000000074d300000|100%| E|CS|TAMS 0x000000074d200000, 0x000000074d200000| Complete 
| 189|0x000000074d300000, 0x000000074d400000, 0x000000074d400000|100%| E|CS|TAMS 0x000000074d300000, 0x000000074d300000| Complete 
| 190|0x000000074d400000, 0x000000074d500000, 0x000000074d500000|100%| E|CS|TAMS 0x000000074d400000, 0x000000074d400000| Complete 
| 191|0x000000074d500000, 0x000000074d600000, 0x000000074d600000|100%| E|CS|TAMS 0x000000074d500000, 0x000000074d500000| Complete 

Card table byte_map: [0x000001244c770000,0x000001244cd70000] _byte_map_base: 0x0000012448d65000

Marking Bits (Prev, Next): (CMBitMap*) 0x000001243787fed8, (CMBitMap*) 0x000001243787ff10
 Prev Bits: [0x000001244d370000, 0x0000012450318000)
 Next Bits: [0x0000012450320000, 0x00000124532c8000)

Polling page: 0x0000012437910000

Metaspace:

Usage:
  Non-class:     13.17 MB capacity,    13.01 MB ( 99%) used,   149.46 KB (  1%) free+waste,    20.94 KB ( <1%) overhead. 
      Class:      1.82 MB capacity,     1.71 MB ( 94%) used,   110.44 KB (  6%) free+waste,    10.38 KB ( <1%) overhead. 
       Both:     15.00 MB capacity,    14.71 MB ( 98%) used,   259.90 KB (  2%) free+waste,    31.31 KB ( <1%) overhead. 

Virtual space:
  Non-class space:       14.00 MB reserved,      13.25 MB ( 95%) committed 
      Class space:        1.00 GB reserved,       1.88 MB ( <1%) committed 
             Both:        1.01 GB reserved,      15.13 MB (  1%) committed 

Chunk freelists:
   Non-Class:  14.00 KB
       Class:  21.00 KB
        Both:  35.00 KB

MaxMetaspaceSize: 17179869184.00 GB
CompressedClassSpaceSize: 1.00 GB
Initial GC threshold: 20.80 MB
Current GC threshold: 20.80 MB
CDS: off

CodeHeap 'non-profiled nmethods': size=120064Kb used=431Kb max_used=431Kb free=119633Kb
 bounds [0x0000012444610000, 0x0000012444880000, 0x000001244bb50000]
CodeHeap 'profiled nmethods': size=120000Kb used=2134Kb max_used=2134Kb free=117865Kb
 bounds [0x000001243d0e0000, 0x000001243d350000, 0x0000012444610000]
CodeHeap 'non-nmethods': size=5696Kb used=1163Kb max_used=1172Kb free=4532Kb
 bounds [0x000001243cb50000, 0x000001243cdc0000, 0x000001243d0e0000]
 total_blobs=1574 nmethods=1156 adapters=331
 compilation: enabled
              stopped_count=0, restarted_count=0
 full_count=0

Compilation events (20 events):
Event: 7.473 Thread 0x00000124561bc000 nmethod 1147 0x000001244467b010 code [0x000001244467b1c0, 0x000001244467b278]
Event: 7.473 Thread 0x00000124561bc000 1148       1       org.gradle.internal.logging.text.AbstractLineChoppingStyledTextOutput$StateContext::access$000 (5 bytes)
Event: 7.474 Thread 0x00000124561bc000 nmethod 1148 0x000001244467b310 code [0x000001244467b4c0, 0x000001244467b558]
Event: 7.474 Thread 0x00000124561bc000 1150       3       org.gradle.internal.logging.text.AbstractLineChoppingStyledTextOutput$StateContext::isCurrentCharEquals (70 bytes)
Event: 7.475 Thread 0x00000124561bc000 nmethod 1150 0x000001243d2f3510 code [0x000001243d2f3740, 0x000001243d2f3e58]
Event: 7.475 Thread 0x00000124561bc000 1149       1       org.gradle.internal.logging.text.AbstractLineChoppingStyledTextOutput$StateContext::access$500 (5 bytes)
Event: 7.475 Thread 0x00000124561bc000 nmethod 1149 0x000001244467b610 code [0x000001244467b7c0, 0x000001244467b858]
Event: 7.475 Thread 0x00000124561bc000 1151       3       java.nio.ByteBuffer::arrayOffset (35 bytes)
Event: 7.475 Thread 0x00000124561bc000 nmethod 1151 0x000001243d2f4190 code [0x000001243d2f4360, 0x000001243d2f4638]
Event: 7.475 Thread 0x00000124561bc000 1152       1       org.gradle.internal.logging.events.CategorisedOutputEvent::getLogLevel (5 bytes)
Event: 7.476 Thread 0x00000124561bc000 nmethod 1152 0x000001244467b910 code [0x000001244467bac0, 0x000001244467bb78]
Event: 7.476 Thread 0x00000124561bc000 1153       3       org.gradle.internal.logging.text.AbstractLineChoppingStyledTextOutput$StateContext::hasChar (25 bytes)
Event: 7.476 Thread 0x00000124561bc000 nmethod 1153 0x000001243d2f4790 code [0x000001243d2f4940, 0x000001243d2f4ad8]
Event: 7.476 Thread 0x00000124561bc000 1154       3       org.gradle.internal.logging.text.AbstractLineChoppingStyledTextOutput$StateContext::setState (10 bytes)
Event: 7.476 Thread 0x00000124561bc000 nmethod 1154 0x000001243d2f4b90 code [0x000001243d2f4d40, 0x000001243d2f4ef8]
Event: 7.476 Thread 0x00000124561bc000 1155       3       org.gradle.internal.logging.text.AbstractLineChoppingStyledTextOutput::access$402 (7 bytes)
Event: 7.476 Thread 0x00000124561bc000 nmethod 1155 0x000001243d2f5010 code [0x000001243d2f51c0, 0x000001243d2f52f8]
Event: 7.477 Thread 0x00000124561bc000 1156       3       org.gradle.internal.logging.text.AbstractLineChoppingStyledTextOutput$1::execute (9 bytes)
Event: 7.477 Thread 0x00000124561bc000 nmethod 1156 0x000001243d2f5410 code [0x000001243d2f55e0, 0x000001243d2f5828]
Event: 7.477 Thread 0x00000124561bc000 1157       3       org.gradle.internal.logging.text.AbstractLineChoppingStyledTextOutput$1::execute (140 bytes)

GC Heap History (2 events):
Event: 0.850 GC heap before
{Heap before GC invocations=0 (full 0):
 garbage-first heap   total 196608K, used 16384K [0x0000000741600000, 0x0000000800000000)
  region size 1024K, 14 young (14336K), 0 survivors (0K)
 Metaspace       used 7931K, capacity 8113K, committed 8320K, reserved 1056768K
  class space    used 714K, capacity 786K, committed 896K, reserved 1048576K
}
Event: 0.873 GC heap after
{Heap after GC invocations=1 (full 0):
 garbage-first heap   total 196608K, used 3174K [0x0000000741600000, 0x0000000800000000)
  region size 1024K, 2 young (2048K), 2 survivors (2048K)
 Metaspace       used 7931K, capacity 8113K, committed 8320K, reserved 1056768K
  class space    used 714K, capacity 786K, committed 896K, reserved 1048576K
}

Deoptimization events (20 events):
Event: 1.311 Thread 0x0000012437832800 Uncommon trap: trap_request=0xffffff4d fr.pc=0x0000012444651c70 relative=0x0000000000000230
Event: 1.311 Thread 0x0000012437832800 Uncommon trap: reason=unstable_if action=reinterpret pc=0x0000012444651c70 method=java.util.HashMap.hash(Ljava/lang/Object;)I @ 1 c2
Event: 1.311 Thread 0x0000012437832800 DEOPT PACKING pc=0x0000012444651c70 sp=0x0000001f0d3fce70
Event: 1.311 Thread 0x0000012437832800 DEOPT UNPACKING pc=0x000001243cb9a1af sp=0x0000001f0d3fcda8 mode 2
Event: 1.686 Thread 0x0000012437832800 DEOPT PACKING pc=0x000001243d17777f sp=0x0000001f0d3fa000
Event: 1.686 Thread 0x0000012437832800 DEOPT UNPACKING pc=0x000001243cb9a95e sp=0x0000001f0d3f9450 mode 0
Event: 1.772 Thread 0x0000012437832800 DEOPT PACKING pc=0x000001243d1c8d40 sp=0x0000001f0d3f8760
Event: 1.772 Thread 0x0000012437832800 DEOPT UNPACKING pc=0x000001243cb9a95e sp=0x0000001f0d3f7c78 mode 0
Event: 1.788 Thread 0x0000012437832800 Uncommon trap: trap_request=0xffffff4d fr.pc=0x0000012444666e88 relative=0x00000000000001c8
Event: 1.788 Thread 0x0000012437832800 Uncommon trap: reason=unstable_if action=reinterpret pc=0x0000012444666e88 method=java.util.HashMap.getNode(ILjava/lang/Object;)Ljava/util/HashMap$Node; @ 129 c2
Event: 1.788 Thread 0x0000012437832800 DEOPT PACKING pc=0x0000012444666e88 sp=0x0000001f0d3fa5b0
Event: 1.788 Thread 0x0000012437832800 DEOPT UNPACKING pc=0x000001243cb9a1af sp=0x0000001f0d3fa4b0 mode 2
Event: 2.457 Thread 0x0000012437832800 Uncommon trap: trap_request=0xffffff4d fr.pc=0x00000124446450a0 relative=0x0000000000000560
Event: 2.457 Thread 0x0000012437832800 Uncommon trap: reason=unstable_if action=reinterpret pc=0x00000124446450a0 method=java.lang.AbstractStringBuilder.append(Ljava/lang/String;)Ljava/lang/AbstractStringBuilder; @ 1 c2
Event: 2.457 Thread 0x0000012437832800 DEOPT PACKING pc=0x00000124446450a0 sp=0x0000001f0d3fc410
Event: 2.457 Thread 0x0000012437832800 DEOPT UNPACKING pc=0x000001243cb9a1af sp=0x0000001f0d3fc390 mode 2
Event: 2.459 Thread 0x0000012437832800 Uncommon trap: trap_request=0xffffff4d fr.pc=0x0000012444645b74 relative=0x0000000000000534
Event: 2.459 Thread 0x0000012437832800 Uncommon trap: reason=unstable_if action=reinterpret pc=0x0000012444645b74 method=java.lang.AbstractStringBuilder.append(Ljava/lang/String;)Ljava/lang/AbstractStringBuilder; @ 1 c2
Event: 2.459 Thread 0x0000012437832800 DEOPT PACKING pc=0x0000012444645b74 sp=0x0000001f0d3fc400
Event: 2.459 Thread 0x0000012437832800 DEOPT UNPACKING pc=0x000001243cb9a1af sp=0x0000001f0d3fc3e8 mode 2

Classes redefined (0 events):
No events

Internal exceptions (20 events):
Event: 7.475 Thread 0x0000012456d1a000 Exception <a 'java/io/IOException'{0x000000074c89bd60}> (0x000000074c89bd60) thrown at [./src/hotspot/share/prims/jni.cpp, line 615]
Event: 7.475 Thread 0x0000012456d1a000 Exception <a 'java/io/IOException'{0x000000074c89c318}> (0x000000074c89c318) thrown at [./src/hotspot/share/prims/jni.cpp, line 615]
Event: 7.475 Thread 0x0000012456d1a000 Exception <a 'java/io/IOException'{0x000000074c89c918}> (0x000000074c89c918) thrown at [./src/hotspot/share/prims/jni.cpp, line 615]
Event: 7.475 Thread 0x0000012456d1a000 Exception <a 'java/io/IOException'{0x000000074c89ced0}> (0x000000074c89ced0) thrown at [./src/hotspot/share/prims/jni.cpp, line 615]
Event: 7.476 Thread 0x0000012456d1a000 Exception <a 'java/io/IOException'{0x000000074c89d610}> (0x000000074c89d610) thrown at [./src/hotspot/share/prims/jni.cpp, line 615]
Event: 7.476 Thread 0x0000012456d1a000 Exception <a 'java/io/IOException'{0x000000074c89dbc8}> (0x000000074c89dbc8) thrown at [./src/hotspot/share/prims/jni.cpp, line 615]
Event: 7.476 Thread 0x0000012456d1a000 Exception <a 'java/io/IOException'{0x000000074c89e1c8}> (0x000000074c89e1c8) thrown at [./src/hotspot/share/prims/jni.cpp, line 615]
Event: 7.476 Thread 0x0000012456d1a000 Exception <a 'java/io/IOException'{0x000000074c89e780}> (0x000000074c89e780) thrown at [./src/hotspot/share/prims/jni.cpp, line 615]
Event: 7.476 Thread 0x0000012456d1a000 Exception <a 'java/io/IOException'{0x000000074c89ee00}> (0x000000074c89ee00) thrown at [./src/hotspot/share/prims/jni.cpp, line 615]
Event: 7.476 Thread 0x0000012456d1a000 Exception <a 'java/io/IOException'{0x000000074c89f3b8}> (0x000000074c89f3b8) thrown at [./src/hotspot/share/prims/jni.cpp, line 615]
Event: 7.476 Thread 0x0000012456d1a000 Exception <a 'java/io/IOException'{0x000000074c89fb10}> (0x000000074c89fb10) thrown at [./src/hotspot/share/prims/jni.cpp, line 615]
Event: 7.476 Thread 0x0000012456d1a000 Exception <a 'java/io/IOException'{0x000000074c8a00c8}> (0x000000074c8a00c8) thrown at [./src/hotspot/share/prims/jni.cpp, line 615]
Event: 7.476 Thread 0x0000012456d1a000 Exception <a 'java/io/IOException'{0x000000074c8a06c8}> (0x000000074c8a06c8) thrown at [./src/hotspot/share/prims/jni.cpp, line 615]
Event: 7.476 Thread 0x0000012456d1a000 Exception <a 'java/io/IOException'{0x000000074c8a0c80}> (0x000000074c8a0c80) thrown at [./src/hotspot/share/prims/jni.cpp, line 615]
Event: 7.476 Thread 0x0000012456d1a000 Exception <a 'java/io/IOException'{0x000000074c8a1368}> (0x000000074c8a1368) thrown at [./src/hotspot/share/prims/jni.cpp, line 615]
Event: 7.476 Thread 0x0000012456d1a000 Exception <a 'java/io/IOException'{0x000000074c8a1920}> (0x000000074c8a1920) thrown at [./src/hotspot/share/prims/jni.cpp, line 615]
Event: 7.476 Thread 0x0000012456d1a000 Exception <a 'java/io/IOException'{0x000000074c8a1f20}> (0x000000074c8a1f20) thrown at [./src/hotspot/share/prims/jni.cpp, line 615]
Event: 7.476 Thread 0x0000012456d1a000 Exception <a 'java/io/IOException'{0x000000074c8a24d8}> (0x000000074c8a24d8) thrown at [./src/hotspot/share/prims/jni.cpp, line 615]
Event: 7.476 Thread 0x0000012456d1a000 Exception <a 'java/io/IOException'{0x000000074c8a2b58}> (0x000000074c8a2b58) thrown at [./src/hotspot/share/prims/jni.cpp, line 615]
Event: 7.476 Thread 0x0000012456d1a000 Exception <a 'java/io/IOException'{0x000000074c8a3110}> (0x000000074c8a3110) thrown at [./src/hotspot/share/prims/jni.cpp, line 615]

Events (20 events):
Event: 2.789 loading class jdk/internal/reflect/Label
Event: 2.789 loading class jdk/internal/reflect/Label done
Event: 2.789 loading class jdk/internal/reflect/Label$PatchInfo
Event: 2.789 loading class jdk/internal/reflect/Label$PatchInfo done
Event: 2.790 loading class jdk/internal/reflect/MethodAccessorGenerator$1
Event: 2.790 loading class jdk/internal/reflect/MethodAccessorGenerator$1 done
Event: 2.790 loading class jdk/internal/reflect/ClassDefiner
Event: 2.790 loading class jdk/internal/reflect/ClassDefiner done
Event: 2.790 loading class jdk/internal/reflect/ClassDefiner$1
Event: 2.790 loading class jdk/internal/reflect/ClassDefiner$1 done
Event: 7.451 loading class com/google/common/collect/CollectPreconditions
Event: 7.451 loading class com/google/common/collect/CollectPreconditions done
Event: 7.451 loading class org/gradle/internal/logging/events/StyledTextOutputEvent$Span
Event: 7.451 loading class org/gradle/internal/logging/events/StyledTextOutputEvent$Span done
Event: 7.451 loading class org/gradle/internal/logging/events/operations/StyledTextBuildOperationProgressDetails$Span
Event: 7.451 loading class org/gradle/internal/logging/events/operations/StyledTextBuildOperationProgressDetails$Span done
Event: 7.451 loading class org/gradle/internal/operations/logging/StyledTextBuildOperationProgressDetails$Span
Event: 7.451 loading class org/gradle/internal/operations/logging/StyledTextBuildOperationProgressDetails$Span done
Event: 7.472 loading class org/gradle/internal/logging/text/AbstractLineChoppingStyledTextOutput$StateContext
Event: 7.472 loading class org/gradle/internal/logging/text/AbstractLineChoppingStyledTextOutput$StateContext done


Dynamic libraries:
0x00007ff7fb740000 - 0x00007ff7fb74a000 	C:\Program Files\Android\Android Studio1\jre\bin\java.exe
0x00007fffdb910000 - 0x00007fffdbb08000 	C:\Windows\SYSTEM32\ntdll.dll
0x00007fffdae40000 - 0x00007fffdaeff000 	C:\Windows\System32\KERNEL32.DLL
0x00007fffd9230000 - 0x00007fffd9526000 	C:\Windows\System32\KERNELBASE.dll
0x00007fffd9130000 - 0x00007fffd9230000 	C:\Windows\System32\ucrtbase.dll
0x00007fff8ca10000 - 0x00007fff8ca29000 	C:\Program Files\Android\Android Studio1\jre\bin\jli.dll
0x00007fffd9c40000 - 0x00007fffd9ddd000 	C:\Windows\System32\USER32.dll
0x00007fffd96f0000 - 0x00007fffd9712000 	C:\Windows\System32\win32u.dll
0x00007fffdb7e0000 - 0x00007fffdb80c000 	C:\Windows\System32\GDI32.dll
0x00007fffd95d0000 - 0x00007fffd96e5000 	C:\Windows\System32\gdi32full.dll
0x00007fffd9530000 - 0x00007fffd95cd000 	C:\Windows\System32\msvcp_win.dll
0x00007fff8c9f0000 - 0x00007fff8ca07000 	C:\Program Files\Android\Android Studio1\jre\bin\VCRUNTIME140.dll
0x00007fffca250000 - 0x00007fffca4ea000 	C:\Windows\WinSxS\amd64_microsoft.windows.common-controls_6595b64144ccf1df_6.0.19041.1110_none_60b5254171f9507e\COMCTL32.dll
0x00007fffda1d0000 - 0x00007fffda26e000 	C:\Windows\System32\msvcrt.dll
0x00007fffd9990000 - 0x00007fffd99c0000 	C:\Windows\System32\IMM32.DLL
0x00007fff8abe0000 - 0x00007fff8ac7d000 	C:\Program Files\Android\Android Studio1\jre\bin\msvcp140.dll
0x00007fff88e00000 - 0x00007fff898e5000 	C:\Program Files\Android\Android Studio1\jre\bin\server\jvm.dll
0x00007fffd9a60000 - 0x00007fffd9b0f000 	C:\Windows\System32\ADVAPI32.dll
0x00007fffd99c0000 - 0x00007fffd9a5c000 	C:\Windows\System32\sechost.dll
0x00007fffdad10000 - 0x00007fffdae36000 	C:\Windows\System32\RPCRT4.dll
0x00007fffdabd0000 - 0x00007fffdabd8000 	C:\Windows\System32\PSAPI.DLL
0x00007fffc5170000 - 0x00007fffc5179000 	C:\Windows\SYSTEM32\WSOCK32.dll
0x00007fffdaf00000 - 0x00007fffdaf6b000 	C:\Windows\System32\WS2_32.dll
0x00007fffc9b60000 - 0x00007fffc9b87000 	C:\Windows\SYSTEM32\WINMM.dll
0x00007fffc8a70000 - 0x00007fffc8a7a000 	C:\Windows\SYSTEM32\VERSION.dll
0x00007fffd7840000 - 0x00007fffd7852000 	C:\Windows\SYSTEM32\kernel.appcore.dll
0x00007fff8abc0000 - 0x00007fff8abd1000 	C:\Program Files\Android\Android Studio1\jre\bin\verify.dll
0x00007fffc4800000 - 0x00007fffc49e4000 	C:\Windows\SYSTEM32\DBGHELP.DLL
0x00007fffc43c0000 - 0x00007fffc43f4000 	C:\Windows\SYSTEM32\dbgcore.DLL
0x00007fffd8ff0000 - 0x00007fffd9072000 	C:\Windows\System32\bcryptPrimitives.dll
0x00007fff8ab90000 - 0x00007fff8abb9000 	C:\Program Files\Android\Android Studio1\jre\bin\java.dll
0x00007fff8d7f0000 - 0x00007fff8d7fb000 	C:\Program Files\Android\Android Studio1\jre\bin\jimage.dll
0x00007fff88de0000 - 0x00007fff88df8000 	C:\Program Files\Android\Android Studio1\jre\bin\zip.dll
0x00007fffdb090000 - 0x00007fffdb7d4000 	C:\Windows\System32\SHELL32.dll
0x00007fffd7060000 - 0x00007fffd77f3000 	C:\Windows\SYSTEM32\windows.storage.dll
0x00007fffd9de0000 - 0x00007fffda134000 	C:\Windows\System32\combase.dll
0x00007fffd8a50000 - 0x00007fffd8a7e000 	C:\Windows\SYSTEM32\Wldp.dll
0x00007fffda7f0000 - 0x00007fffda89d000 	C:\Windows\System32\SHCORE.dll
0x00007fffdb870000 - 0x00007fffdb8c5000 	C:\Windows\System32\shlwapi.dll
0x00007fffd8f30000 - 0x00007fffd8f4f000 	C:\Windows\SYSTEM32\profapi.dll
0x00007fff88a90000 - 0x00007fff88aaa000 	C:\Program Files\Android\Android Studio1\jre\bin\net.dll
0x00007fffcb8c0000 - 0x00007fffcb9ca000 	C:\Windows\SYSTEM32\WINHTTP.dll
0x00007fffd87b0000 - 0x00007fffd881a000 	C:\Windows\system32\mswsock.dll
0x00007fff88a70000 - 0x00007fff88a84000 	C:\Program Files\Android\Android Studio1\jre\bin\nio.dll
0x00007fff88db0000 - 0x00007fff88dd7000 	C:\Users\Akrammm\.gradle\native\e1d6ef7f7dcc3fd88c89a11ec53ec762bb8ba0a96d01ffa2cd45eb1d1d8dd5c5\windows-amd64\native-platform.dll
0x00007fff8d5b0000 - 0x00007fff8d5ba000 	C:\Program Files\Android\Android Studio1\jre\bin\management.dll
0x00007fff8c9e0000 - 0x00007fff8c9ed000 	C:\Program Files\Android\Android Studio1\jre\bin\management_ext.dll
0x00007fffd89b0000 - 0x00007fffd89c8000 	C:\Windows\SYSTEM32\CRYPTSP.dll
0x00007fffd8060000 - 0x00007fffd8094000 	C:\Windows\system32\rsaenh.dll
0x00007fffd9940000 - 0x00007fffd9967000 	C:\Windows\System32\bcrypt.dll
0x00007fffd8eb0000 - 0x00007fffd8ede000 	C:\Windows\SYSTEM32\USERENV.dll
0x00007fffd89a0000 - 0x00007fffd89ac000 	C:\Windows\SYSTEM32\CRYPTBASE.dll
0x00007fffd8450000 - 0x00007fffd848c000 	C:\Windows\SYSTEM32\IPHLPAPI.DLL
0x00007fffda8a0000 - 0x00007fffda8a8000 	C:\Windows\System32\NSI.dll
0x00007fffce300000 - 0x00007fffce317000 	C:\Windows\SYSTEM32\dhcpcsvc6.DLL
0x00007fffcea30000 - 0x00007fffcea4d000 	C:\Windows\SYSTEM32\dhcpcsvc.DLL
0x00007fffd84a0000 - 0x00007fffd856b000 	C:\Windows\SYSTEM32\DNSAPI.dll

dbghelp: loaded successfully - version: 4.0.5 - missing functions: none
symbol engine: initialized successfully - sym options: 0x614 - pdb path: .;C:\Program Files\Android\Android Studio1\jre\bin;C:\Windows\SYSTEM32;C:\Windows\WinSxS\amd64_microsoft.windows.common-controls_6595b64144ccf1df_6.0.19041.1110_none_60b5254171f9507e;C:\Program Files\Android\Android Studio1\jre\bin\server;C:\Users\Akrammm\.gradle\native\e1d6ef7f7dcc3fd88c89a11ec53ec762bb8ba0a96d01ffa2cd45eb1d1d8dd5c5\windows-amd64

VM Arguments:
jvm_args: -Dorg.gradle.appname=gradlew 
java_command: org.gradle.wrapper.GradleWrapperMain -q -Ptarget-platform=android-x86 -Ptarget=C:\Users\Akrammm\Desktop\Clinic_Application\lib\main.dart -Pbase-application-name=android.app.Application -Pdart-defines=RkxVVFRFUl9XRUJfQVVUT19ERVRFQ1Q9dHJ1ZQ== -Pdart-obfuscation=false -Ptrack-widget-creation=true -Ptree-shake-icons=false -Pfilesystem-scheme=org-dartlang-root assembleDebug
java_class_path (initial): C:\Users\Akrammm\Desktop\Clinic_Application\android\\gradle\wrapper\gradle-wrapper.jar
Launcher Type: SUN_STANDARD

[Global flags]
     intx CICompilerCount                          = 3                                         {product} {ergonomic}
     uint ConcGCThreads                            = 1                                         {product} {ergonomic}
     uint G1ConcRefinementThreads                  = 4                                         {product} {ergonomic}
   size_t G1HeapRegionSize                         = 1048576                                   {product} {ergonomic}
    uintx GCDrainStackTargetSize                   = 64                                        {product} {ergonomic}
   size_t InitialHeapSize                          = 201326592                                 {product} {ergonomic}
   size_t MarkStackSize                            = 4194304                                   {product} {ergonomic}
   size_t MaxHeapSize                              = 3198156800                                {product} {ergonomic}
   size_t MaxNewSize                               = 1918894080                                {product} {ergonomic}
   size_t MinHeapDeltaBytes                        = 1048576                                   {product} {ergonomic}
    uintx NonNMethodCodeHeapSize                   = 5830732                                {pd product} {ergonomic}
    uintx NonProfiledCodeHeapSize                  = 122913754                              {pd product} {ergonomic}
    uintx ProfiledCodeHeapSize                     = 122913754                              {pd product} {ergonomic}
    uintx ReservedCodeCacheSize                    = 251658240                              {pd product} {ergonomic}
     bool SegmentedCodeCache                       = true                                      {product} {ergonomic}
     bool UseCompressedClassPointers               = true                                 {lp64_product} {ergonomic}
     bool UseCompressedOops                        = true                                 {lp64_product} {ergonomic}
     bool UseG1GC                                  = true                                      {product} {ergonomic}
     bool UseLargePagesIndividualAllocation        = false                                  {pd product} {ergonomic}

Logging:
Log output configuration:
 #0: stdout all=warning uptime,level,tags
 #1: stderr all=off uptime,level,tags

Environment Variables:
JAVA_HOME=C:\Program Files\Android\Android Studio1\jre
CLASSPATH=C:\Users\Akrammm\Desktop\Clinic_Application\android\\gradle\wrapper\gradle-wrapper.jar
PATH=C:\Program Files (x86)\Common Files\Oracle\Java\javapath;C:\Windows\system32;C:\Windows;C:\Windows\System32\Wbem;C:\Windows\System32\WindowsPowerShell\v1.0\;C:\Windows\System32\OpenSSH\;C:\Program Files (x86)\AMD\ATI.ACE\Core-Static;C:\Program Files\dart-sdk\bin;C:\Program Files\nodejs\;C:\ProgramData\Microsoft\Windows\Start Menu\Programs\Node.js;C:\Program Files\Git\cmd;C:\Users\Akrammm\AppData\Local\Microsoft\WindowsApps;C:\Users\Akrammm\AppData\Local\Programs\Microsoft VS Code\bin;C:\src\dart-sdk\bin;C:\src\flutter\bin;C:\Users\Akrammm\AppData\Roaming\npm;C:\ProgramData\Microsoft\Windows\Start Menu\Programs\Node.js;;C:\src\flutter\bin\mingit\cmd
USERNAME=Akrammm
OS=Windows_NT
PROCESSOR_IDENTIFIER=Intel64 Family 6 Model 60 Stepping 3, GenuineIntel



---------------  S Y S T E M  ---------------

OS: Windows 10 , 64 bit Build 19041 (10.0.19041.2913)
OS uptime: 0 days 2:05 hours

CPU:total 4 (initial active 4) (2 cores per cpu, 2 threads per core) family 6 model 60 stepping 3 microcode 0x27, cmov, cx8, fxsr, mmx, sse, sse2, sse3, ssse3, sse4.1, sse4.2, popcnt, avx, avx2, aes, clmul, erms, lzcnt, ht, tsc, tscinvbit, bmi1, bmi2, fma

Memory: 4k page, system-wide physical 12192M (2365M free)
TotalPageFile size 14240M (AvailPageFile size 3M)
current process WorkingSet (physical memory assigned to process): 95M, peak: 100M
current process commit charge ("private bytes"): 284M, peak: 288M

vm_info: OpenJDK 64-Bit Server VM (11.0.12+7-b1504.28-7817840) for windows-amd64 JRE (11.0.12+7-b1504.28-7817840), built on Oct 13 2021 22:12:33 by "builder" with MS VC++ 14.0 (VS2015)

END.
